10:28:17 INFO  : Registering command handlers for SDK TCF services
10:28:18 INFO  : Launching XSCT server: xsct.bat -interactive D:\Work\vivadoProject\ad9142\ad9142\ad9142.sdk\temp_xsdb_launch_script.tcl
10:28:21 INFO  : XSCT server has started successfully.
10:28:21 INFO  : Successfully done setting XSCT server connection channel  
10:28:21 INFO  : Processing command line option -hwspec D:/Work/vivadoProject/ad9142/ad9142/ad9142.sdk/dac_design_wrapper.hdf.
10:28:21 INFO  : Successfully done setting SDK workspace  
10:30:02 INFO  : Connected to target on host '127.0.0.1' and port '3121'.
10:30:02 INFO  : Jtag cable 'Digilent Zed 210248782982' is selected.
10:30:02 INFO  : 'jtag frequency' command is executed.
10:30:02 INFO  : Sourcing of 'D:/Work/vivadoProject/ad9142/ad9142/ad9142.sdk/dac_design_wrapper_hw_platform_0/ps7_init.tcl' is done.
10:30:02 INFO  : Context for 'APU' is selected.
10:30:02 INFO  : System reset is completed.
10:30:05 INFO  : 'after 3000' command is executed.
10:30:06 INFO  : 'targets -set -filter {jtag_cable_name =~ "Digilent Zed 210248782982" && level==0} -index 1' command is executed.
10:30:08 INFO  : FPGA configured successfully with bitstream "D:/Work/vivadoProject/ad9142/ad9142/ad9142.sdk/dac_design_wrapper_hw_platform_0/dac_design_wrapper.bit"
10:30:08 INFO  : Context for 'APU' is selected.
10:30:08 INFO  : Hardware design information is loaded from 'D:/Work/vivadoProject/ad9142/ad9142/ad9142.sdk/dac_design_wrapper_hw_platform_0/system.hdf'.
10:30:08 INFO  : 'configparams force-mem-access 1' command is executed.
10:30:08 INFO  : Context for 'APU' is selected.
10:30:08 INFO  : 'ps7_init' command is executed.
10:30:08 INFO  : 'ps7_post_config' command is executed.
10:30:08 INFO  : Context for processor 'ps7_cortexa9_0' is selected.
10:30:09 INFO  : The application 'D:/Work/vivadoProject/ad9142/ad9142/ad9142.sdk/testdac/Debug/testdac.elf' is downloaded to processor 'ps7_cortexa9_0'.
10:30:09 INFO  : 'configparams force-mem-access 0' command is executed.
10:30:09 INFO  : ----------------XSDB Script----------------
connect -url tcp:127.0.0.1:3121
source D:/Work/vivadoProject/ad9142/ad9142/ad9142.sdk/dac_design_wrapper_hw_platform_0/ps7_init.tcl
targets -set -nocase -filter {name =~"APU*" && jtag_cable_name =~ "Digilent Zed 210248782982"} -index 0
rst -system
after 3000
targets -set -filter {jtag_cable_name =~ "Digilent Zed 210248782982" && level==0} -index 1
fpga -file D:/Work/vivadoProject/ad9142/ad9142/ad9142.sdk/dac_design_wrapper_hw_platform_0/dac_design_wrapper.bit
targets -set -nocase -filter {name =~"APU*" && jtag_cable_name =~ "Digilent Zed 210248782982"} -index 0
loadhw -hw D:/Work/vivadoProject/ad9142/ad9142/ad9142.sdk/dac_design_wrapper_hw_platform_0/system.hdf -mem-ranges [list {0x40000000 0xbfffffff}]
configparams force-mem-access 1
targets -set -nocase -filter {name =~"APU*" && jtag_cable_name =~ "Digilent Zed 210248782982"} -index 0
ps7_init
ps7_post_config
targets -set -nocase -filter {name =~ "ARM*#0" && jtag_cable_name =~ "Digilent Zed 210248782982"} -index 0
dow D:/Work/vivadoProject/ad9142/ad9142/ad9142.sdk/testdac/Debug/testdac.elf
configparams force-mem-access 0
----------------End of Script----------------

10:30:09 INFO  : Context for processor 'ps7_cortexa9_0' is selected.
10:30:09 INFO  : 'con' command is executed.
10:30:09 INFO  : ----------------XSDB Script (After Launch)----------------
targets -set -nocase -filter {name =~ "ARM*#0" && jtag_cable_name =~ "Digilent Zed 210248782982"} -index 0
con
----------------End of Script----------------

10:30:09 INFO  : Disconnected from the channel tcfchan#1.
10:31:24 INFO  : Connected to target on host '127.0.0.1' and port '3121'.
10:31:25 INFO  : Jtag cable 'Digilent Zed 210248782982' is selected.
10:31:25 INFO  : 'jtag frequency' command is executed.
10:31:25 INFO  : Sourcing of 'D:/Work/vivadoProject/ad9142/ad9142/ad9142.sdk/dac_design_wrapper_hw_platform_0/ps7_init.tcl' is done.
10:31:25 INFO  : Context for 'APU' is selected.
10:31:25 INFO  : System reset is completed.
10:31:28 INFO  : 'after 3000' command is executed.
10:31:28 INFO  : 'targets -set -filter {jtag_cable_name =~ "Digilent Zed 210248782982" && level==0} -index 1' command is executed.
10:31:30 INFO  : FPGA configured successfully with bitstream "D:/Work/vivadoProject/ad9142/ad9142/ad9142.sdk/dac_design_wrapper_hw_platform_0/dac_design_wrapper.bit"
10:31:31 INFO  : Context for 'APU' is selected.
10:31:33 INFO  : Hardware design information is loaded from 'D:/Work/vivadoProject/ad9142/ad9142/ad9142.sdk/dac_design_wrapper_hw_platform_0/system.hdf'.
10:31:33 INFO  : 'configparams force-mem-access 1' command is executed.
10:31:33 INFO  : Context for 'APU' is selected.
10:31:33 INFO  : 'ps7_init' command is executed.
10:31:33 INFO  : 'ps7_post_config' command is executed.
10:31:33 INFO  : Context for processor 'ps7_cortexa9_0' is selected.
10:31:34 INFO  : The application 'D:/Work/vivadoProject/ad9142/ad9142/ad9142.sdk/testdac/Debug/testdac.elf' is downloaded to processor 'ps7_cortexa9_0'.
10:31:34 INFO  : 'configparams force-mem-access 0' command is executed.
10:31:34 INFO  : ----------------XSDB Script----------------
connect -url tcp:127.0.0.1:3121
source D:/Work/vivadoProject/ad9142/ad9142/ad9142.sdk/dac_design_wrapper_hw_platform_0/ps7_init.tcl
targets -set -nocase -filter {name =~"APU*" && jtag_cable_name =~ "Digilent Zed 210248782982"} -index 0
rst -system
after 3000
targets -set -filter {jtag_cable_name =~ "Digilent Zed 210248782982" && level==0} -index 1
fpga -file D:/Work/vivadoProject/ad9142/ad9142/ad9142.sdk/dac_design_wrapper_hw_platform_0/dac_design_wrapper.bit
targets -set -nocase -filter {name =~"APU*" && jtag_cable_name =~ "Digilent Zed 210248782982"} -index 0
loadhw -hw D:/Work/vivadoProject/ad9142/ad9142/ad9142.sdk/dac_design_wrapper_hw_platform_0/system.hdf -mem-ranges [list {0x40000000 0xbfffffff}]
configparams force-mem-access 1
targets -set -nocase -filter {name =~"APU*" && jtag_cable_name =~ "Digilent Zed 210248782982"} -index 0
ps7_init
ps7_post_config
targets -set -nocase -filter {name =~ "ARM*#0" && jtag_cable_name =~ "Digilent Zed 210248782982"} -index 0
dow D:/Work/vivadoProject/ad9142/ad9142/ad9142.sdk/testdac/Debug/testdac.elf
configparams force-mem-access 0
----------------End of Script----------------

10:31:34 INFO  : Context for processor 'ps7_cortexa9_0' is selected.
10:31:34 INFO  : 'con' command is executed.
10:31:34 INFO  : ----------------XSDB Script (After Launch)----------------
targets -set -nocase -filter {name =~ "ARM*#0" && jtag_cable_name =~ "Digilent Zed 210248782982"} -index 0
con
----------------End of Script----------------

10:31:34 INFO  : Disconnected from the channel tcfchan#2.
10:41:14 INFO  : Connected to target on host '127.0.0.1' and port '3121'.
10:41:14 INFO  : Jtag cable 'Digilent Zed 210248782982' is selected.
10:41:14 INFO  : 'jtag frequency' command is executed.
10:41:14 INFO  : Sourcing of 'D:/Work/vivadoProject/ad9142/ad9142/ad9142.sdk/dac_design_wrapper_hw_platform_0/ps7_init.tcl' is done.
10:41:14 INFO  : Context for 'APU' is selected.
10:41:14 INFO  : System reset is completed.
10:41:17 INFO  : 'after 3000' command is executed.
10:41:17 INFO  : 'targets -set -filter {jtag_cable_name =~ "Digilent Zed 210248782982" && level==0} -index 1' command is executed.
10:41:20 INFO  : FPGA configured successfully with bitstream "D:/Work/vivadoProject/ad9142/ad9142/ad9142.sdk/dac_design_wrapper_hw_platform_0/dac_design_wrapper.bit"
10:41:20 INFO  : Context for 'APU' is selected.
10:41:22 INFO  : Hardware design information is loaded from 'D:/Work/vivadoProject/ad9142/ad9142/ad9142.sdk/dac_design_wrapper_hw_platform_0/system.hdf'.
10:41:22 INFO  : 'configparams force-mem-access 1' command is executed.
10:41:22 INFO  : Context for 'APU' is selected.
10:41:22 INFO  : 'ps7_init' command is executed.
10:41:22 INFO  : 'ps7_post_config' command is executed.
10:41:22 INFO  : Context for processor 'ps7_cortexa9_0' is selected.
10:41:22 INFO  : The application 'D:/Work/vivadoProject/ad9142/ad9142/ad9142.sdk/testdac/Debug/testdac.elf' is downloaded to processor 'ps7_cortexa9_0'.
10:41:22 INFO  : 'configparams force-mem-access 0' command is executed.
10:41:22 INFO  : ----------------XSDB Script----------------
connect -url tcp:127.0.0.1:3121
source D:/Work/vivadoProject/ad9142/ad9142/ad9142.sdk/dac_design_wrapper_hw_platform_0/ps7_init.tcl
targets -set -nocase -filter {name =~"APU*" && jtag_cable_name =~ "Digilent Zed 210248782982"} -index 0
rst -system
after 3000
targets -set -filter {jtag_cable_name =~ "Digilent Zed 210248782982" && level==0} -index 1
fpga -file D:/Work/vivadoProject/ad9142/ad9142/ad9142.sdk/dac_design_wrapper_hw_platform_0/dac_design_wrapper.bit
targets -set -nocase -filter {name =~"APU*" && jtag_cable_name =~ "Digilent Zed 210248782982"} -index 0
loadhw -hw D:/Work/vivadoProject/ad9142/ad9142/ad9142.sdk/dac_design_wrapper_hw_platform_0/system.hdf -mem-ranges [list {0x40000000 0xbfffffff}]
configparams force-mem-access 1
targets -set -nocase -filter {name =~"APU*" && jtag_cable_name =~ "Digilent Zed 210248782982"} -index 0
ps7_init
ps7_post_config
targets -set -nocase -filter {name =~ "ARM*#0" && jtag_cable_name =~ "Digilent Zed 210248782982"} -index 0
dow D:/Work/vivadoProject/ad9142/ad9142/ad9142.sdk/testdac/Debug/testdac.elf
configparams force-mem-access 0
----------------End of Script----------------

10:41:23 INFO  : Context for processor 'ps7_cortexa9_0' is selected.
10:41:23 INFO  : 'con' command is executed.
10:41:23 INFO  : ----------------XSDB Script (After Launch)----------------
targets -set -nocase -filter {name =~ "ARM*#0" && jtag_cable_name =~ "Digilent Zed 210248782982"} -index 0
con
----------------End of Script----------------

10:41:23 INFO  : Disconnected from the channel tcfchan#3.
10:42:10 INFO  : Connected to target on host '127.0.0.1' and port '3121'.
10:42:10 INFO  : Jtag cable 'Digilent Zed 210248782982' is selected.
10:42:10 INFO  : 'jtag frequency' command is executed.
10:42:10 INFO  : Sourcing of 'D:/Work/vivadoProject/ad9142/ad9142/ad9142.sdk/dac_design_wrapper_hw_platform_0/ps7_init.tcl' is done.
10:42:10 INFO  : Context for 'APU' is selected.
10:42:10 INFO  : System reset is completed.
10:42:13 INFO  : 'after 3000' command is executed.
10:42:14 INFO  : 'targets -set -filter {jtag_cable_name =~ "Digilent Zed 210248782982" && level==0} -index 1' command is executed.
10:42:16 INFO  : FPGA configured successfully with bitstream "D:/Work/vivadoProject/ad9142/ad9142/ad9142.sdk/dac_design_wrapper_hw_platform_0/dac_design_wrapper.bit"
10:42:16 INFO  : Context for 'APU' is selected.
10:42:18 INFO  : Hardware design information is loaded from 'D:/Work/vivadoProject/ad9142/ad9142/ad9142.sdk/dac_design_wrapper_hw_platform_0/system.hdf'.
10:42:18 INFO  : 'configparams force-mem-access 1' command is executed.
10:42:18 INFO  : Context for 'APU' is selected.
10:42:19 INFO  : 'ps7_init' command is executed.
10:42:19 INFO  : 'ps7_post_config' command is executed.
10:42:19 INFO  : Context for processor 'ps7_cortexa9_0' is selected.
10:42:19 INFO  : The application 'D:/Work/vivadoProject/ad9142/ad9142/ad9142.sdk/testdac/Debug/testdac.elf' is downloaded to processor 'ps7_cortexa9_0'.
10:42:19 INFO  : 'configparams force-mem-access 0' command is executed.
10:42:19 INFO  : ----------------XSDB Script----------------
connect -url tcp:127.0.0.1:3121
source D:/Work/vivadoProject/ad9142/ad9142/ad9142.sdk/dac_design_wrapper_hw_platform_0/ps7_init.tcl
targets -set -nocase -filter {name =~"APU*" && jtag_cable_name =~ "Digilent Zed 210248782982"} -index 0
rst -system
after 3000
targets -set -filter {jtag_cable_name =~ "Digilent Zed 210248782982" && level==0} -index 1
fpga -file D:/Work/vivadoProject/ad9142/ad9142/ad9142.sdk/dac_design_wrapper_hw_platform_0/dac_design_wrapper.bit
targets -set -nocase -filter {name =~"APU*" && jtag_cable_name =~ "Digilent Zed 210248782982"} -index 0
loadhw -hw D:/Work/vivadoProject/ad9142/ad9142/ad9142.sdk/dac_design_wrapper_hw_platform_0/system.hdf -mem-ranges [list {0x40000000 0xbfffffff}]
configparams force-mem-access 1
targets -set -nocase -filter {name =~"APU*" && jtag_cable_name =~ "Digilent Zed 210248782982"} -index 0
ps7_init
ps7_post_config
targets -set -nocase -filter {name =~ "ARM*#0" && jtag_cable_name =~ "Digilent Zed 210248782982"} -index 0
dow D:/Work/vivadoProject/ad9142/ad9142/ad9142.sdk/testdac/Debug/testdac.elf
configparams force-mem-access 0
----------------End of Script----------------

10:42:19 INFO  : Context for processor 'ps7_cortexa9_0' is selected.
10:42:19 INFO  : 'con' command is executed.
10:42:19 INFO  : ----------------XSDB Script (After Launch)----------------
targets -set -nocase -filter {name =~ "ARM*#0" && jtag_cable_name =~ "Digilent Zed 210248782982"} -index 0
con
----------------End of Script----------------

10:42:19 INFO  : Disconnected from the channel tcfchan#4.
10:56:57 INFO  : Connected to target on host '127.0.0.1' and port '3121'.
10:56:57 INFO  : Jtag cable 'Digilent Zed 210248782982' is selected.
10:56:57 INFO  : 'jtag frequency' command is executed.
10:56:57 INFO  : Sourcing of 'D:/Work/vivadoProject/ad9142/ad9142/ad9142.sdk/dac_design_wrapper_hw_platform_0/ps7_init.tcl' is done.
10:56:57 INFO  : Context for 'APU' is selected.
10:56:58 INFO  : System reset is completed.
10:57:01 INFO  : 'after 3000' command is executed.
10:57:01 INFO  : 'targets -set -filter {jtag_cable_name =~ "Digilent Zed 210248782982" && level==0} -index 1' command is executed.
10:57:03 INFO  : FPGA configured successfully with bitstream "D:/Work/vivadoProject/ad9142/ad9142/ad9142.sdk/dac_design_wrapper_hw_platform_0/dac_design_wrapper.bit"
10:57:03 INFO  : Context for 'APU' is selected.
10:57:05 INFO  : Hardware design information is loaded from 'D:/Work/vivadoProject/ad9142/ad9142/ad9142.sdk/dac_design_wrapper_hw_platform_0/system.hdf'.
10:57:05 INFO  : 'configparams force-mem-access 1' command is executed.
10:57:05 INFO  : Context for 'APU' is selected.
10:57:06 INFO  : 'ps7_init' command is executed.
10:57:06 INFO  : 'ps7_post_config' command is executed.
10:57:06 INFO  : Context for processor 'ps7_cortexa9_0' is selected.
10:57:06 INFO  : The application 'D:/Work/vivadoProject/ad9142/ad9142/ad9142.sdk/testdac/Debug/testdac.elf' is downloaded to processor 'ps7_cortexa9_0'.
10:57:06 INFO  : 'configparams force-mem-access 0' command is executed.
10:57:06 INFO  : ----------------XSDB Script----------------
connect -url tcp:127.0.0.1:3121
source D:/Work/vivadoProject/ad9142/ad9142/ad9142.sdk/dac_design_wrapper_hw_platform_0/ps7_init.tcl
targets -set -nocase -filter {name =~"APU*" && jtag_cable_name =~ "Digilent Zed 210248782982"} -index 0
rst -system
after 3000
targets -set -filter {jtag_cable_name =~ "Digilent Zed 210248782982" && level==0} -index 1
fpga -file D:/Work/vivadoProject/ad9142/ad9142/ad9142.sdk/dac_design_wrapper_hw_platform_0/dac_design_wrapper.bit
targets -set -nocase -filter {name =~"APU*" && jtag_cable_name =~ "Digilent Zed 210248782982"} -index 0
loadhw -hw D:/Work/vivadoProject/ad9142/ad9142/ad9142.sdk/dac_design_wrapper_hw_platform_0/system.hdf -mem-ranges [list {0x40000000 0xbfffffff}]
configparams force-mem-access 1
targets -set -nocase -filter {name =~"APU*" && jtag_cable_name =~ "Digilent Zed 210248782982"} -index 0
ps7_init
ps7_post_config
targets -set -nocase -filter {name =~ "ARM*#0" && jtag_cable_name =~ "Digilent Zed 210248782982"} -index 0
dow D:/Work/vivadoProject/ad9142/ad9142/ad9142.sdk/testdac/Debug/testdac.elf
configparams force-mem-access 0
----------------End of Script----------------

10:57:06 INFO  : Context for processor 'ps7_cortexa9_0' is selected.
10:57:06 INFO  : 'con' command is executed.
10:57:06 INFO  : ----------------XSDB Script (After Launch)----------------
targets -set -nocase -filter {name =~ "ARM*#0" && jtag_cable_name =~ "Digilent Zed 210248782982"} -index 0
con
----------------End of Script----------------

10:57:06 INFO  : Disconnected from the channel tcfchan#5.
10:57:19 INFO  : Connected to target on host '127.0.0.1' and port '3121'.
10:57:20 INFO  : Jtag cable 'Digilent Zed 210248782982' is selected.
10:57:20 INFO  : 'jtag frequency' command is executed.
10:57:20 INFO  : Sourcing of 'D:/Work/vivadoProject/ad9142/ad9142/ad9142.sdk/dac_design_wrapper_hw_platform_0/ps7_init.tcl' is done.
10:57:20 INFO  : Context for 'APU' is selected.
10:57:20 INFO  : System reset is completed.
10:57:23 INFO  : 'after 3000' command is executed.
10:57:23 INFO  : 'targets -set -filter {jtag_cable_name =~ "Digilent Zed 210248782982" && level==0} -index 1' command is executed.
10:57:26 INFO  : FPGA configured successfully with bitstream "D:/Work/vivadoProject/ad9142/ad9142/ad9142.sdk/dac_design_wrapper_hw_platform_0/dac_design_wrapper.bit"
10:57:26 INFO  : Context for 'APU' is selected.
10:57:28 INFO  : Hardware design information is loaded from 'D:/Work/vivadoProject/ad9142/ad9142/ad9142.sdk/dac_design_wrapper_hw_platform_0/system.hdf'.
10:57:28 INFO  : 'configparams force-mem-access 1' command is executed.
10:57:28 INFO  : Context for 'APU' is selected.
10:57:28 INFO  : 'ps7_init' command is executed.
10:57:28 INFO  : 'ps7_post_config' command is executed.
10:57:28 INFO  : Context for processor 'ps7_cortexa9_0' is selected.
10:57:28 INFO  : The application 'D:/Work/vivadoProject/ad9142/ad9142/ad9142.sdk/testdac/Debug/testdac.elf' is downloaded to processor 'ps7_cortexa9_0'.
10:57:28 INFO  : 'configparams force-mem-access 0' command is executed.
10:57:28 INFO  : ----------------XSDB Script----------------
connect -url tcp:127.0.0.1:3121
source D:/Work/vivadoProject/ad9142/ad9142/ad9142.sdk/dac_design_wrapper_hw_platform_0/ps7_init.tcl
targets -set -nocase -filter {name =~"APU*" && jtag_cable_name =~ "Digilent Zed 210248782982"} -index 0
rst -system
after 3000
targets -set -filter {jtag_cable_name =~ "Digilent Zed 210248782982" && level==0} -index 1
fpga -file D:/Work/vivadoProject/ad9142/ad9142/ad9142.sdk/dac_design_wrapper_hw_platform_0/dac_design_wrapper.bit
targets -set -nocase -filter {name =~"APU*" && jtag_cable_name =~ "Digilent Zed 210248782982"} -index 0
loadhw -hw D:/Work/vivadoProject/ad9142/ad9142/ad9142.sdk/dac_design_wrapper_hw_platform_0/system.hdf -mem-ranges [list {0x40000000 0xbfffffff}]
configparams force-mem-access 1
targets -set -nocase -filter {name =~"APU*" && jtag_cable_name =~ "Digilent Zed 210248782982"} -index 0
ps7_init
ps7_post_config
targets -set -nocase -filter {name =~ "ARM*#0" && jtag_cable_name =~ "Digilent Zed 210248782982"} -index 0
dow D:/Work/vivadoProject/ad9142/ad9142/ad9142.sdk/testdac/Debug/testdac.elf
configparams force-mem-access 0
----------------End of Script----------------

10:57:28 INFO  : Context for processor 'ps7_cortexa9_0' is selected.
10:57:29 INFO  : 'con' command is executed.
10:57:29 INFO  : ----------------XSDB Script (After Launch)----------------
targets -set -nocase -filter {name =~ "ARM*#0" && jtag_cable_name =~ "Digilent Zed 210248782982"} -index 0
con
----------------End of Script----------------

10:57:29 INFO  : Disconnected from the channel tcfchan#6.
10:58:38 INFO  : Connected to target on host '127.0.0.1' and port '3121'.
10:58:39 INFO  : Jtag cable 'Digilent Zed 210248782982' is selected.
10:58:39 INFO  : 'jtag frequency' command is executed.
10:58:39 INFO  : Sourcing of 'D:/Work/vivadoProject/ad9142/ad9142/ad9142.sdk/dac_design_wrapper_hw_platform_0/ps7_init.tcl' is done.
10:58:39 INFO  : Context for 'APU' is selected.
10:58:39 INFO  : System reset is completed.
10:58:42 INFO  : 'after 3000' command is executed.
10:58:42 INFO  : 'targets -set -filter {jtag_cable_name =~ "Digilent Zed 210248782982" && level==0} -index 1' command is executed.
10:58:45 INFO  : FPGA configured successfully with bitstream "D:/Work/vivadoProject/ad9142/ad9142/ad9142.sdk/dac_design_wrapper_hw_platform_0/dac_design_wrapper.bit"
10:58:45 INFO  : Context for 'APU' is selected.
10:58:47 INFO  : Hardware design information is loaded from 'D:/Work/vivadoProject/ad9142/ad9142/ad9142.sdk/dac_design_wrapper_hw_platform_0/system.hdf'.
10:58:47 INFO  : 'configparams force-mem-access 1' command is executed.
10:58:47 INFO  : Context for 'APU' is selected.
10:58:47 INFO  : 'ps7_init' command is executed.
10:58:47 INFO  : 'ps7_post_config' command is executed.
10:58:47 INFO  : Context for processor 'ps7_cortexa9_0' is selected.
10:58:48 INFO  : The application 'D:/Work/vivadoProject/ad9142/ad9142/ad9142.sdk/testdac/Debug/testdac.elf' is downloaded to processor 'ps7_cortexa9_0'.
10:58:48 INFO  : 'configparams force-mem-access 0' command is executed.
10:58:48 INFO  : ----------------XSDB Script----------------
connect -url tcp:127.0.0.1:3121
source D:/Work/vivadoProject/ad9142/ad9142/ad9142.sdk/dac_design_wrapper_hw_platform_0/ps7_init.tcl
targets -set -nocase -filter {name =~"APU*" && jtag_cable_name =~ "Digilent Zed 210248782982"} -index 0
rst -system
after 3000
targets -set -filter {jtag_cable_name =~ "Digilent Zed 210248782982" && level==0} -index 1
fpga -file D:/Work/vivadoProject/ad9142/ad9142/ad9142.sdk/dac_design_wrapper_hw_platform_0/dac_design_wrapper.bit
targets -set -nocase -filter {name =~"APU*" && jtag_cable_name =~ "Digilent Zed 210248782982"} -index 0
loadhw -hw D:/Work/vivadoProject/ad9142/ad9142/ad9142.sdk/dac_design_wrapper_hw_platform_0/system.hdf -mem-ranges [list {0x40000000 0xbfffffff}]
configparams force-mem-access 1
targets -set -nocase -filter {name =~"APU*" && jtag_cable_name =~ "Digilent Zed 210248782982"} -index 0
ps7_init
ps7_post_config
targets -set -nocase -filter {name =~ "ARM*#0" && jtag_cable_name =~ "Digilent Zed 210248782982"} -index 0
dow D:/Work/vivadoProject/ad9142/ad9142/ad9142.sdk/testdac/Debug/testdac.elf
configparams force-mem-access 0
----------------End of Script----------------

10:58:48 INFO  : Context for processor 'ps7_cortexa9_0' is selected.
10:58:48 INFO  : 'con' command is executed.
10:58:48 INFO  : ----------------XSDB Script (After Launch)----------------
targets -set -nocase -filter {name =~ "ARM*#0" && jtag_cable_name =~ "Digilent Zed 210248782982"} -index 0
con
----------------End of Script----------------

10:58:48 INFO  : Disconnected from the channel tcfchan#7.
11:07:24 INFO  : SDK has detected change in the last modified timestamps for source hardware specification file Source:1531454826896,  Project:1531452247584
11:07:24 INFO  : Project dac_design_wrapper_hw_platform_0's source hardware specification located at D:/Work/vivadoProject/ad9142/ad9142/ad9142.sdk/dac_design_wrapper.hdf is now different from the local copy.
		 The local copy will be replaced with the source specification and your workspace will be updated.
11:07:38 INFO  : Copied contents of D:/Work/vivadoProject/ad9142/ad9142/ad9142.sdk/dac_design_wrapper.hdf into \dac_design_wrapper_hw_platform_0\system.hdf.
11:07:42 INFO  : Synchronizing projects in the workspace with the hardware platform specification changes.
11:07:44 INFO  : 
11:07:45 INFO  : Updating hardware inferred compiler options for testdac.
11:07:45 INFO  : Clearing existing target manager status.
11:07:45 INFO  : Closing and re-opening the MSS file of ther project testdac_bsp
11:07:45 INFO  : Workspace synchronized with the new hardware specification file. Cleaning dependent projects...
11:07:47 WARN  : Linker script will not be updated automatically. Users need to update it manually.
11:09:04 INFO  : Connected to target on host '127.0.0.1' and port '3121'.
11:09:04 INFO  : Jtag cable 'Digilent Zed 210248782982' is selected.
11:09:04 INFO  : 'jtag frequency' command is executed.
11:09:04 INFO  : Sourcing of 'D:/Work/vivadoProject/ad9142/ad9142/ad9142.sdk/dac_design_wrapper_hw_platform_0/ps7_init.tcl' is done.
11:09:04 INFO  : Context for 'APU' is selected.
11:09:04 INFO  : System reset is completed.
11:09:08 INFO  : 'after 3000' command is executed.
11:09:08 INFO  : 'targets -set -filter {jtag_cable_name =~ "Digilent Zed 210248782982" && level==0} -index 1' command is executed.
11:09:10 INFO  : FPGA configured successfully with bitstream "D:/Work/vivadoProject/ad9142/ad9142/ad9142.sdk/dac_design_wrapper_hw_platform_0/dac_design_wrapper.bit"
11:09:10 INFO  : Context for 'APU' is selected.
11:09:10 INFO  : Hardware design information is loaded from 'D:/Work/vivadoProject/ad9142/ad9142/ad9142.sdk/dac_design_wrapper_hw_platform_0/system.hdf'.
11:09:10 INFO  : 'configparams force-mem-access 1' command is executed.
11:09:10 INFO  : Context for 'APU' is selected.
11:09:10 INFO  : 'ps7_init' command is executed.
11:09:10 INFO  : 'ps7_post_config' command is executed.
11:09:10 INFO  : Context for processor 'ps7_cortexa9_0' is selected.
11:09:11 INFO  : The application 'D:/Work/vivadoProject/ad9142/ad9142/ad9142.sdk/testdac/Debug/testdac.elf' is downloaded to processor 'ps7_cortexa9_0'.
11:09:11 INFO  : 'configparams force-mem-access 0' command is executed.
11:09:11 INFO  : ----------------XSDB Script----------------
connect -url tcp:127.0.0.1:3121
source D:/Work/vivadoProject/ad9142/ad9142/ad9142.sdk/dac_design_wrapper_hw_platform_0/ps7_init.tcl
targets -set -nocase -filter {name =~"APU*" && jtag_cable_name =~ "Digilent Zed 210248782982"} -index 0
rst -system
after 3000
targets -set -filter {jtag_cable_name =~ "Digilent Zed 210248782982" && level==0} -index 1
fpga -file D:/Work/vivadoProject/ad9142/ad9142/ad9142.sdk/dac_design_wrapper_hw_platform_0/dac_design_wrapper.bit
targets -set -nocase -filter {name =~"APU*" && jtag_cable_name =~ "Digilent Zed 210248782982"} -index 0
loadhw -hw D:/Work/vivadoProject/ad9142/ad9142/ad9142.sdk/dac_design_wrapper_hw_platform_0/system.hdf -mem-ranges [list {0x40000000 0xbfffffff}]
configparams force-mem-access 1
targets -set -nocase -filter {name =~"APU*" && jtag_cable_name =~ "Digilent Zed 210248782982"} -index 0
ps7_init
ps7_post_config
targets -set -nocase -filter {name =~ "ARM*#0" && jtag_cable_name =~ "Digilent Zed 210248782982"} -index 0
dow D:/Work/vivadoProject/ad9142/ad9142/ad9142.sdk/testdac/Debug/testdac.elf
configparams force-mem-access 0
----------------End of Script----------------

11:09:11 INFO  : Context for processor 'ps7_cortexa9_0' is selected.
11:09:11 INFO  : 'con' command is executed.
11:09:11 INFO  : ----------------XSDB Script (After Launch)----------------
targets -set -nocase -filter {name =~ "ARM*#0" && jtag_cable_name =~ "Digilent Zed 210248782982"} -index 0
con
----------------End of Script----------------

11:09:11 INFO  : Disconnected from the channel tcfchan#8.
11:16:55 INFO  : SDK has detected change in the last modified timestamps for source hardware specification file Source:1531455274765,  Project:1531454826896
11:16:55 INFO  : Project dac_design_wrapper_hw_platform_0's source hardware specification located at D:/Work/vivadoProject/ad9142/ad9142/ad9142.sdk/dac_design_wrapper.hdf is now different from the local copy.
		 The local copy will be replaced with the source specification and your workspace will be updated.
11:16:58 INFO  : Copied contents of D:/Work/vivadoProject/ad9142/ad9142/ad9142.sdk/dac_design_wrapper.hdf into \dac_design_wrapper_hw_platform_0\system.hdf.
11:17:02 INFO  : Synchronizing projects in the workspace with the hardware platform specification changes.
11:17:04 INFO  : 
11:17:05 INFO  : Updating hardware inferred compiler options for testdac.
11:17:05 INFO  : Clearing existing target manager status.
11:17:05 INFO  : Closing and re-opening the MSS file of ther project testdac_bsp
11:17:06 INFO  : Workspace synchronized with the new hardware specification file. Cleaning dependent projects...
11:17:07 WARN  : Linker script will not be updated automatically. Users need to update it manually.
11:18:00 INFO  : Connected to target on host '127.0.0.1' and port '3121'.
11:18:01 INFO  : Jtag cable 'Digilent Zed 210248782982' is selected.
11:18:01 INFO  : 'jtag frequency' command is executed.
11:18:01 INFO  : Sourcing of 'D:/Work/vivadoProject/ad9142/ad9142/ad9142.sdk/dac_design_wrapper_hw_platform_0/ps7_init.tcl' is done.
11:18:01 INFO  : Context for 'APU' is selected.
11:18:01 INFO  : System reset is completed.
11:18:04 INFO  : 'after 3000' command is executed.
11:18:04 INFO  : 'targets -set -filter {jtag_cable_name =~ "Digilent Zed 210248782982" && level==0} -index 1' command is executed.
11:18:07 INFO  : FPGA configured successfully with bitstream "D:/Work/vivadoProject/ad9142/ad9142/ad9142.sdk/dac_design_wrapper_hw_platform_0/dac_design_wrapper.bit"
11:18:07 INFO  : Context for 'APU' is selected.
11:18:07 INFO  : Hardware design information is loaded from 'D:/Work/vivadoProject/ad9142/ad9142/ad9142.sdk/dac_design_wrapper_hw_platform_0/system.hdf'.
11:18:07 INFO  : 'configparams force-mem-access 1' command is executed.
11:18:07 INFO  : Context for 'APU' is selected.
11:18:07 INFO  : 'ps7_init' command is executed.
11:18:07 INFO  : 'ps7_post_config' command is executed.
11:18:07 INFO  : Context for processor 'ps7_cortexa9_0' is selected.
11:18:07 INFO  : The application 'D:/Work/vivadoProject/ad9142/ad9142/ad9142.sdk/testdac/Debug/testdac.elf' is downloaded to processor 'ps7_cortexa9_0'.
11:18:07 INFO  : 'configparams force-mem-access 0' command is executed.
11:18:07 INFO  : ----------------XSDB Script----------------
connect -url tcp:127.0.0.1:3121
source D:/Work/vivadoProject/ad9142/ad9142/ad9142.sdk/dac_design_wrapper_hw_platform_0/ps7_init.tcl
targets -set -nocase -filter {name =~"APU*" && jtag_cable_name =~ "Digilent Zed 210248782982"} -index 0
rst -system
after 3000
targets -set -filter {jtag_cable_name =~ "Digilent Zed 210248782982" && level==0} -index 1
fpga -file D:/Work/vivadoProject/ad9142/ad9142/ad9142.sdk/dac_design_wrapper_hw_platform_0/dac_design_wrapper.bit
targets -set -nocase -filter {name =~"APU*" && jtag_cable_name =~ "Digilent Zed 210248782982"} -index 0
loadhw -hw D:/Work/vivadoProject/ad9142/ad9142/ad9142.sdk/dac_design_wrapper_hw_platform_0/system.hdf -mem-ranges [list {0x40000000 0xbfffffff}]
configparams force-mem-access 1
targets -set -nocase -filter {name =~"APU*" && jtag_cable_name =~ "Digilent Zed 210248782982"} -index 0
ps7_init
ps7_post_config
targets -set -nocase -filter {name =~ "ARM*#0" && jtag_cable_name =~ "Digilent Zed 210248782982"} -index 0
dow D:/Work/vivadoProject/ad9142/ad9142/ad9142.sdk/testdac/Debug/testdac.elf
configparams force-mem-access 0
----------------End of Script----------------

11:18:07 INFO  : Context for processor 'ps7_cortexa9_0' is selected.
11:18:07 INFO  : 'con' command is executed.
11:18:07 INFO  : ----------------XSDB Script (After Launch)----------------
targets -set -nocase -filter {name =~ "ARM*#0" && jtag_cable_name =~ "Digilent Zed 210248782982"} -index 0
con
----------------End of Script----------------

11:18:07 INFO  : Disconnected from the channel tcfchan#9.
