Copyright 1986-2018 Xilinx, Inc. All Rights Reserved.
------------------------------------------------------------------------------------
| Tool Version : Vivado v.2018.1 (win64) Build 2188600 Wed Apr  4 18:40:38 MDT 2018
| Date         : Fri Jul 13 10:14:59 2018
| Host         : all running 64-bit major release  (build 9200)
| Command      : upgrade_ip
| Device       : xc7z020clg484-1
------------------------------------------------------------------------------------

Upgrade Log for IP 'dac_design_handmadedds_0_0'

1. Summary
----------

SUCCESS in the upgrade of dac_design_handmadedds_0_0 (rs.local:user:handmadedds:1.0) from (Rev. 9) to (Rev. 10)






Copyright 1986-2018 Xilinx, Inc. All Rights Reserved.
------------------------------------------------------------------------------------
| Tool Version : Vivado v.2018.1 (win64) Build 2188600 Wed Apr  4 18:40:38 MDT 2018
| Date         : Thu Jul 12 13:55:16 2018
| Host         : all running 64-bit major release  (build 9200)
| Command      : upgrade_ip
| Device       : xc7z020clg484-1
------------------------------------------------------------------------------------

Upgrade Log for IP 'dac_design_handmadedds_0_0'

1. Summary
----------

SUCCESS in the upgrade of dac_design_handmadedds_0_0 (rs.local:user:handmadedds:1.0) from (Rev. 8) to (Rev. 9)






Copyright 1986-2018 Xilinx, Inc. All Rights Reserved.
------------------------------------------------------------------------------------
| Tool Version : Vivado v.2018.1 (win64) Build 2188600 Wed Apr  4 18:40:38 MDT 2018
| Date         : Mon Jul  2 13:54:45 2018
| Host         : RS4230-53147 running 64-bit major release  (build 9200)
| Command      : upgrade_ip
| Device       : xc7z020clg484-1
------------------------------------------------------------------------------------

Upgrade Log for IP 'dac_design_handmadedds_0_0'

1. Summary
----------

SUCCESS in the upgrade of dac_design_handmadedds_0_0 (rs.local:user:handmadedds:1.0) from (Rev. 7) to (Rev. 8)






Copyright 1986-2018 Xilinx, Inc. All Rights Reserved.
------------------------------------------------------------------------------------
| Tool Version : Vivado v.2018.1 (win64) Build 2188600 Wed Apr  4 18:40:38 MDT 2018
| Date         : Fri Jun 29 15:51:09 2018
| Host         : RS4230-53147 running 64-bit major release  (build 9200)
| Command      : upgrade_ip
| Device       : xc7z020clg484-1
------------------------------------------------------------------------------------

Upgrade Log for IP 'dac_design_handmadedds_0_0'

1. Summary
----------

SUCCESS in the upgrade of dac_design_handmadedds_0_0 (rs.local:user:handmadedds:1.0) from (Rev. 6) to (Rev. 7)

