#-----------------------------------------------------------
# Vivado v2015.4 (64-bit)
# SW Build 1412921 on Wed Nov 18 09:43:45 MST 2015
# IP Build 1412160 on Tue Nov 17 13:47:24 MST 2015
# Start of session at: Wed Jul 11 10:51:35 2018
# Process ID: 7180
# Current directory: D:/Work/vivadoProject/ad9142/ad9142
# Command line: vivado.exe -gui_launcher_event rodinguilauncherevent116 D:\Work\vivadoProject\ad9142\ad9142\ad9142.xpr
# Log file: D:/Work/vivadoProject/ad9142/ad9142/vivado.log
# Journal file: D:/Work/vivadoProject/ad9142/ad9142\vivado.jou
#-----------------------------------------------------------
start_gui
open_project D:/Work/vivadoProject/ad9142/ad9142/ad9142.xpr
INFO: [Project 1-313] Project file moved from 'C:/Users/Kharitonov_AY/WORKSPACE/dac/ad9142/ad9142' since last save.
WARNING: [filemgmt 20-922] The BXML file is of a newer version (0.35) then the current supported version (0.33).
Data could be potentially be lost
Scanning sources...
Finished scanning sources
CRITICAL WARNING: [Project 1-192] Failed to load run synth_1. Strategy Vivado Synthesis Defaults (Vivado Synthesis 2018) not recognized by Vivado. 

CRITICAL WARNING: [Project 1-192] Failed to load run dac_design_DifferentialOutBuffer_2_0_synth_1. Strategy Vivado Synthesis Defaults (Vivado Synthesis 2018) not recognized by Vivado. 

CRITICAL WARNING: [Project 1-192] Failed to load run dac_design_DifferentialOutBuffer_1_0_synth_1. Strategy Vivado Synthesis Defaults (Vivado Synthesis 2018) not recognized by Vivado. 

CRITICAL WARNING: [Project 1-192] Failed to load run dac_design_processing_system7_0_0_synth_1. Strategy Vivado Synthesis Defaults (Vivado Synthesis 2018) not recognized by Vivado. 

CRITICAL WARNING: [Project 1-192] Failed to load run dac_design_xlconstant_0_0_synth_1. Strategy Vivado Synthesis Defaults (Vivado Synthesis 2018) not recognized by Vivado. 

CRITICAL WARNING: [Project 1-192] Failed to load run dac_design_DifferentialOutBuffer_0_0_synth_1. Strategy Vivado Synthesis Defaults (Vivado Synthesis 2018) not recognized by Vivado. 

CRITICAL WARNING: [Project 1-192] Failed to load run dac_design_ila_0_0_synth_1. Strategy Vivado Synthesis Defaults (Vivado Synthesis 2018) not recognized by Vivado. 

CRITICAL WARNING: [Project 1-192] Failed to load run dac_design_xlconstant_1_0_synth_1. Strategy Vivado Synthesis Defaults (Vivado Synthesis 2018) not recognized by Vivado. 

CRITICAL WARNING: [Project 1-192] Failed to load run dac_design_tribuffer_0_0_synth_1. Strategy Vivado Synthesis Defaults (Vivado Synthesis 2018) not recognized by Vivado. 

CRITICAL WARNING: [Project 1-192] Failed to load run dac_design_axi_gpio_0_0_synth_1. Strategy Vivado Synthesis Defaults (Vivado Synthesis 2018) not recognized by Vivado. 

CRITICAL WARNING: [Project 1-192] Failed to load run dac_design_rst_ps7_0_100M_0_synth_1. Strategy Vivado Synthesis Defaults (Vivado Synthesis 2018) not recognized by Vivado. 

CRITICAL WARNING: [Project 1-192] Failed to load run dac_design_clk_wiz_0_0_synth_1. Strategy Vivado Synthesis Defaults (Vivado Synthesis 2018) not recognized by Vivado. 

CRITICAL WARNING: [Project 1-192] Failed to load run impl_1. Strategy Vivado Implementation Defaults (Vivado Implementation 2018) not recognized by Vivado. 

CRITICAL WARNING: [Project 1-192] Failed to load run dac_design_DifferentialOutBuffer_2_0_impl_1. Strategy Vivado Implementation Defaults (Vivado Implementation 2018) not recognized by Vivado. 

CRITICAL WARNING: [Project 1-192] Failed to load run dac_design_DifferentialOutBuffer_1_0_impl_1. Strategy Vivado Implementation Defaults (Vivado Implementation 2018) not recognized by Vivado. 

CRITICAL WARNING: [Project 1-192] Failed to load run dac_design_processing_system7_0_0_impl_1. Strategy Vivado Implementation Defaults (Vivado Implementation 2018) not recognized by Vivado. 

CRITICAL WARNING: [Project 1-192] Failed to load run dac_design_xlconstant_0_0_impl_1. Strategy Vivado Implementation Defaults (Vivado Implementation 2018) not recognized by Vivado. 

CRITICAL WARNING: [Project 1-192] Failed to load run dac_design_DifferentialOutBuffer_0_0_impl_1. Strategy Vivado Implementation Defaults (Vivado Implementation 2018) not recognized by Vivado. 

CRITICAL WARNING: [Project 1-192] Failed to load run dac_design_ila_0_0_impl_1. Strategy Vivado Implementation Defaults (Vivado Implementation 2018) not recognized by Vivado. 

CRITICAL WARNING: [Project 1-192] Failed to load run dac_design_xlconstant_1_0_impl_1. Strategy Vivado Implementation Defaults (Vivado Implementation 2018) not recognized by Vivado. 

CRITICAL WARNING: [Project 1-192] Failed to load run dac_design_tribuffer_0_0_impl_1. Strategy Vivado Implementation Defaults (Vivado Implementation 2018) not recognized by Vivado. 

CRITICAL WARNING: [Project 1-192] Failed to load run dac_design_axi_gpio_0_0_impl_1. Strategy Vivado Implementation Defaults (Vivado Implementation 2018) not recognized by Vivado. 

CRITICAL WARNING: [Project 1-192] Failed to load run dac_design_rst_ps7_0_100M_0_impl_1. Strategy Vivado Implementation Defaults (Vivado Implementation 2018) not recognized by Vivado. 

CRITICAL WARNING: [Project 1-192] Failed to load run dac_design_clk_wiz_0_0_impl_1. Strategy Vivado Implementation Defaults (Vivado Implementation 2018) not recognized by Vivado. 

CRITICAL WARNING: [Project 1-532] XML ERROR: Project Option CompiledLibDirXSim has no valid value
CRITICAL WARNING: [Project 1-505] Unrecognized Option Name CompiledLibDirXcelium
CRITICAL WARNING: [Project 1-505] Unrecognized Option Name ProjectType
WARNING: [filemgmt 56-2] IP Repository Path: Could not find the directory 'D:/Work/adc/ip_repo', nor could it be found using path 'C:/Users/Kharitonov_AY/WORKSPACE/adc/ip_repo'.
WARNING: [filemgmt 56-2] IP Repository Path: Could not find the directory 'D:/Work/tsos/ip_repo/tribuffer_1.0', nor could it be found using path 'C:/Users/Kharitonov_AY/WORKSPACE/tsos/ip_repo/tribuffer_1.0'.
WARNING: [filemgmt 56-3] IPUserFilesDir: Could not find the directory '$PIPUSERFILESDIR'.
WARNING: [filemgmt 56-3] IPStaticSourceDir: Could not find the directory '$PIPUSERFILESDIR/ipstatic'.
CRITICAL WARNING: [Project 1-505] Unrecognized Option Name DSAVendor
CRITICAL WARNING: [Project 1-505] Unrecognized Option Name DSABoardId
CRITICAL WARNING: [Project 1-505] Unrecognized Option Name DSANumComputeUnits
CRITICAL WARNING: [Project 1-505] Unrecognized Option Name WTXSimLaunchSim
CRITICAL WARNING: [Project 1-505] Unrecognized Option Name WTModelSimLaunchSim
CRITICAL WARNING: [Project 1-505] Unrecognized Option Name WTQuestaLaunchSim
CRITICAL WARNING: [Project 1-505] Unrecognized Option Name WTIesLaunchSim
CRITICAL WARNING: [Project 1-505] Unrecognized Option Name WTVcsLaunchSim
CRITICAL WARNING: [Project 1-505] Unrecognized Option Name WTRivieraLaunchSim
CRITICAL WARNING: [Project 1-505] Unrecognized Option Name WTActivehdlLaunchSim
CRITICAL WARNING: [Project 1-505] Unrecognized Option Name WTXSimExportSim
CRITICAL WARNING: [Project 1-505] Unrecognized Option Name WTModelSimExportSim
CRITICAL WARNING: [Project 1-505] Unrecognized Option Name WTQuestaExportSim
CRITICAL WARNING: [Project 1-505] Unrecognized Option Name WTIesExportSim
CRITICAL WARNING: [Project 1-505] Unrecognized Option Name WTVcsExportSim
CRITICAL WARNING: [Project 1-505] Unrecognized Option Name WTRivieraExportSim
CRITICAL WARNING: [Project 1-505] Unrecognized Option Name WTActivehdlExportSim
CRITICAL WARNING: [Project 1-505] Unrecognized Option Name GenerateIPUpgradeLog
CRITICAL WARNING: [Project 1-505] Unrecognized Option Name XSimRadix
CRITICAL WARNING: [Project 1-505] Unrecognized Option Name XSimTimeUnit
CRITICAL WARNING: [Project 1-505] Unrecognized Option Name XSimArrayDisplayLimit
CRITICAL WARNING: [Project 1-505] Unrecognized Option Name XSimTraceLimit
CRITICAL WARNING: [Project 1-505] Unrecognized Option Name SimTypes
CRITICAL WARNING: [Board 49-67] The board_part definition was not found for em.avnet.com:zed:part0:1.4. Valid board_part values can be retrieved with the 'get_board_parts' Tcl command.
WARNING: [Project 1-231] Project 'ad9142.xpr' was created with a future version and may or may not perform reliably with this version of Vivado. It has been opened in read-only mode for the protection of unrecognized data. Use 'File | Save Project As...' if you wish to alter a copy of the project.
ERROR: [IP_Flow 19-395] Problem reading Design: see 'xilinx:valuePermission' near line 0 in D:/Work/vivadoProject/ad9142/ad9142/ad9142.srcs/sources_1/bd/dac_design/ip/dac_design_processing_system7_0_0/dac_design_processing_system7_0_0.xci: Unexpected attribute
CRITICAL WARNING: [IP_Flow 19-3933] Unable to construct an IP Instance dac_design_processing_system7_0_0 using VLNV :::.
ERROR: [IP_Flow 19-395] Problem reading Design: see 'xilinx:valuePermission' near line 0 in D:/Work/vivadoProject/ad9142/ad9142/ad9142.srcs/sources_1/bd/dac_design/ip/dac_design_clk_wiz_0_0/dac_design_clk_wiz_0_0.xci: Unexpected attribute
CRITICAL WARNING: [IP_Flow 19-3933] Unable to construct an IP Instance dac_design_clk_wiz_0_0 using VLNV :::.
ERROR: [IP_Flow 19-395] Problem reading Design: see 'xilinx:valuePermission' near line 0 in D:/Work/vivadoProject/ad9142/ad9142/ad9142.srcs/sources_1/bd/dac_design/ip/dac_design_handmadedds_0_0/dac_design_handmadedds_0_0.xci: Unexpected attribute
CRITICAL WARNING: [IP_Flow 19-3933] Unable to construct an IP Instance dac_design_handmadedds_0_0 using VLNV :::.
INFO: [IP_Flow 19-234] Refreshing IP repositories
INFO: [IP_Flow 19-1700] Loaded user IP repository 'd:/Work/vivadoProject/ip_repo'.
WARNING: [IP_Flow 19-2248] Failed to load user IP repository 'd:/Work/adc/ip_repo'; Can't find the specified path.
If this directory should no longer be in your list of user repositories, go to the IP Settings dialog and remove it.
WARNING: [IP_Flow 19-2248] Failed to load user IP repository 'd:/Work/tsos/ip_repo/tribuffer_1.0'; Can't find the specified path.
If this directory should no longer be in your list of user repositories, go to the IP Settings dialog and remove it.
INFO: [IP_Flow 19-1700] Loaded user IP repository 'd:/Work/vivadoProject/ad9142/ad9142/ad9142.cache/ip'.
INFO: [IP_Flow 19-2313] Loaded Vivado IP repository 'D:/Xilinx/Vivado/2015.4/data/ip'.
ERROR: [IP_Flow 19-395] Problem reading Design: see 'xilinx:valuePermission' near line 0 in D:/Work/vivadoProject/ad9142/ad9142/ad9142.srcs/sources_1/bd/dac_design/ip/dac_design_ila_0_0/dac_design_ila_0_0.xci: Unexpected attribute
CRITICAL WARNING: [IP_Flow 19-3933] Unable to construct an IP Instance dac_design_ila_0_0 using VLNV :::.
ERROR: [IP_Flow 19-395] Problem reading Design: see 'xilinx:valuePermission' near line 0 in D:/Work/vivadoProject/ad9142/ad9142/ad9142.srcs/sources_1/bd/dac_design/ip/dac_design_axi_gpio_0_0/dac_design_axi_gpio_0_0.xci: Unexpected attribute
CRITICAL WARNING: [IP_Flow 19-3933] Unable to construct an IP Instance dac_design_axi_gpio_0_0 using VLNV :::.
ERROR: [IP_Flow 19-395] Problem reading Design: see 'xilinx:valuePermission' near line 0 in D:/Work/vivadoProject/ad9142/ad9142/ad9142.srcs/sources_1/bd/dac_design/ip/dac_design_rst_ps7_0_100M_0/dac_design_rst_ps7_0_100M_0.xci: Unexpected attribute
CRITICAL WARNING: [IP_Flow 19-3933] Unable to construct an IP Instance dac_design_rst_ps7_0_100M_0 using VLNV :::.
ERROR: [IP_Flow 19-395] Problem reading Design: see 'xilinx:valuePermission' near line 0 in D:/Work/vivadoProject/ad9142/ad9142/ad9142.srcs/sources_1/bd/dac_design/ip/dac_design_auto_pc_0/dac_design_auto_pc_0.xci: Unexpected attribute
CRITICAL WARNING: [IP_Flow 19-3933] Unable to construct an IP Instance dac_design_auto_pc_0 using VLNV :::.
WARNING: [BD 41-1663] The design 'dac_design.bd' is locked for any modification. Locked reason(s):
* Project read-only. Please run 'save_project_as' before making any change to the bd-design. 

WARNING: [BD 41-1661] One or more IPs have been locked in the design 'dac_design.bd'. Please run report_ip_status for more details and recommendations on how to fix this issue.
List of locked IPs:
dac_design_tribuffer_0_0
dac_design_DifferentialOutBuffer_0_0
dac_design_DifferentialOutBuffer_1_0
dac_design_xlconstant_0_0
dac_design_DifferentialOutBuffer_2_0
dac_design_xlconstant_1_0
dac_design_xlconstant_2_0

ERROR: [Common 17-39] 'open_project' failed due to earlier errors.
open_bd_design {D:/Work/vivadoProject/ad9142/ad9142/ad9142.srcs/sources_1/bd/dac_design/dac_design.bd}
Adding component instance block -- xilinx.com:ip:processing_system7:5.5 - processing_system7_0
INFO: [BD 41-434] Could not find an IP with XCI file by name: dac_design_processing_system7_0_0 
WARNING: [IP_Flow 19-2162] IP 'dac_design_processing_system7_0_0' is locked:
* Project containing IP 'dac_design_processing_system7_0_0' is read-only.
Please select 'Report IP Status' from the 'Tools/Report' menu or run Tcl command 'report_ip_status' for more information.
Adding component instance block -- xilinx.com:ip:clk_wiz:6.0 - clk_wiz_0
INFO: [BD 41-434] Could not find an IP with XCI file by name: dac_design_clk_wiz_0_0 
ERROR: [BD 41-50] Could not find an IP with the given vlnv: xilinx.com:ip:clk_wiz:6.0 
ERROR: [BD 41-595] Failed to add ip repository block <clk_wiz_0>
ERROR: [BD 41-425] Failed to read Diagram <dac_design> from BD file <D:/Work/vivadoProject/ad9142/ad9142/ad9142.srcs/sources_1/bd/dac_design/dac_design.bd>
open_bd_design: Time (s): cpu = 00:00:03 ; elapsed = 00:00:05 . Memory (MB): peak = 811.629 ; gain = 16.680
ERROR: [Common 17-39] 'open_bd_design' failed due to earlier errors.
exit
INFO: [Common 17-206] Exiting Vivado at Wed Jul 11 10:52:21 2018...
