
*** Running vivado
    with args -log dac_design_handmadedds_0_0.vds -m64 -product Vivado -mode batch -messageDb vivado.pb -notrace -source dac_design_handmadedds_0_0.tcl


****** Vivado v2018.1 (64-bit)
  **** SW Build 2188600 on Wed Apr  4 18:40:38 MDT 2018
  **** IP Build 2185939 on Wed Apr  4 20:55:05 MDT 2018
    ** Copyright 1986-2018 Xilinx, Inc. All Rights Reserved.

source dac_design_handmadedds_0_0.tcl -notrace
Command: synth_design -top dac_design_handmadedds_0_0 -part xc7z020clg484-1 -mode out_of_context
Starting synth_design
Attempting to get a license for feature 'Synthesis' and/or device 'xc7z020'
INFO: [Common 17-349] Got license for feature 'Synthesis' and/or device 'xc7z020'
INFO: Launching helper process for spawning children vivado processes
INFO: Helper process launched with PID 1712 
---------------------------------------------------------------------------------
Starting RTL Elaboration : Time (s): cpu = 00:00:05 ; elapsed = 00:00:07 . Memory (MB): peak = 454.027 ; gain = 101.465
---------------------------------------------------------------------------------
INFO: [Synth 8-638] synthesizing module 'dac_design_handmadedds_0_0' [c:/Users/Kharitonov_AY/WORKSPACE/dac/ad9142/ad9142/ad9142.srcs/sources_1/bd/dac_design/ip/dac_design_handmadedds_0_0/synth/dac_design_handmadedds_0_0.vhd:67]
INFO: [Synth 8-3491] module 'handmadedds' declared at 'c:/Users/Kharitonov_AY/WORKSPACE/dac/ad9142/ad9142/ad9142.srcs/sources_1/bd/dac_design/ipshared/7707/src/handmadedds.vhd:45' bound to instance 'U0' of component 'handmadedds' [c:/Users/Kharitonov_AY/WORKSPACE/dac/ad9142/ad9142/ad9142.srcs/sources_1/bd/dac_design/ip/dac_design_handmadedds_0_0/synth/dac_design_handmadedds_0_0.vhd:91]
INFO: [Synth 8-638] synthesizing module 'handmadedds' [c:/Users/Kharitonov_AY/WORKSPACE/dac/ad9142/ad9142/ad9142.srcs/sources_1/bd/dac_design/ipshared/7707/src/handmadedds.vhd:57]
INFO: [Synth 8-3491] module 'handmadedds_block' declared at 'c:/Users/Kharitonov_AY/WORKSPACE/dac/ad9142/ad9142/ad9142.srcs/sources_1/bd/dac_design/ipshared/7707/src/handmadedds_block.vhd:22' bound to instance 'u_handmadedds' of component 'handmadedds_block' [c:/Users/Kharitonov_AY/WORKSPACE/dac/ad9142/ad9142/ad9142.srcs/sources_1/bd/dac_design/ipshared/7707/src/handmadedds.vhd:82]
INFO: [Synth 8-638] synthesizing module 'handmadedds_block' [c:/Users/Kharitonov_AY/WORKSPACE/dac/ad9142/ad9142/ad9142.srcs/sources_1/bd/dac_design/ipshared/7707/src/handmadedds_block.vhd:32]
INFO: [Synth 8-3491] module 'NCO_HDL_Optimized' declared at 'c:/Users/Kharitonov_AY/WORKSPACE/dac/ad9142/ad9142/ad9142.srcs/sources_1/bd/dac_design/ipshared/7707/src/NCO_HDL_Optimized.vhd:24' bound to instance 'u_NCO_HDL_Optimized' of component 'NCO_HDL_Optimized' [c:/Users/Kharitonov_AY/WORKSPACE/dac/ad9142/ad9142/ad9142.srcs/sources_1/bd/dac_design/ipshared/7707/src/handmadedds_block.vhd:57]
INFO: [Synth 8-638] synthesizing module 'NCO_HDL_Optimized' [c:/Users/Kharitonov_AY/WORKSPACE/dac/ad9142/ad9142/ad9142.srcs/sources_1/bd/dac_design/ipshared/7707/src/NCO_HDL_Optimized.vhd:36]
INFO: [Synth 8-3491] module 'WaveformGen' declared at 'c:/Users/Kharitonov_AY/WORKSPACE/dac/ad9142/ad9142/ad9142.srcs/sources_1/bd/dac_design/ipshared/7707/src/WaveformGen.vhd:24' bound to instance 'u_Wave_inst' of component 'WaveformGen' [c:/Users/Kharitonov_AY/WORKSPACE/dac/ad9142/ad9142/ad9142.srcs/sources_1/bd/dac_design/ipshared/7707/src/NCO_HDL_Optimized.vhd:78]
INFO: [Synth 8-638] synthesizing module 'WaveformGen' [c:/Users/Kharitonov_AY/WORKSPACE/dac/ad9142/ad9142/ad9142.srcs/sources_1/bd/dac_design/ipshared/7707/src/WaveformGen.vhd:35]
INFO: [Synth 8-3491] module 'LookUpTableGen' declared at 'c:/Users/Kharitonov_AY/WORKSPACE/dac/ad9142/ad9142/ad9142.srcs/sources_1/bd/dac_design/ipshared/7707/src/LookUpTableGen.vhd:25' bound to instance 'u_SineWave_inst' of component 'LookUpTableGen' [c:/Users/Kharitonov_AY/WORKSPACE/dac/ad9142/ad9142/ad9142.srcs/sources_1/bd/dac_design/ipshared/7707/src/WaveformGen.vhd:93]
INFO: [Synth 8-638] synthesizing module 'LookUpTableGen' [c:/Users/Kharitonov_AY/WORKSPACE/dac/ad9142/ad9142/ad9142.srcs/sources_1/bd/dac_design/ipshared/7707/src/LookUpTableGen.vhd:35]
INFO: [Synth 8-256] done synthesizing module 'LookUpTableGen' (1#1) [c:/Users/Kharitonov_AY/WORKSPACE/dac/ad9142/ad9142/ad9142.srcs/sources_1/bd/dac_design/ipshared/7707/src/LookUpTableGen.vhd:35]
INFO: [Synth 8-3491] module 'LookUpTableGen' declared at 'c:/Users/Kharitonov_AY/WORKSPACE/dac/ad9142/ad9142/ad9142.srcs/sources_1/bd/dac_design/ipshared/7707/src/LookUpTableGen.vhd:25' bound to instance 'u_CosineWave_inst' of component 'LookUpTableGen' [c:/Users/Kharitonov_AY/WORKSPACE/dac/ad9142/ad9142/ad9142.srcs/sources_1/bd/dac_design/ipshared/7707/src/WaveformGen.vhd:101]
INFO: [Synth 8-256] done synthesizing module 'WaveformGen' (2#1) [c:/Users/Kharitonov_AY/WORKSPACE/dac/ad9142/ad9142/ad9142.srcs/sources_1/bd/dac_design/ipshared/7707/src/WaveformGen.vhd:35]
INFO: [Synth 8-256] done synthesizing module 'NCO_HDL_Optimized' (3#1) [c:/Users/Kharitonov_AY/WORKSPACE/dac/ad9142/ad9142/ad9142.srcs/sources_1/bd/dac_design/ipshared/7707/src/NCO_HDL_Optimized.vhd:36]
INFO: [Synth 8-256] done synthesizing module 'handmadedds_block' (4#1) [c:/Users/Kharitonov_AY/WORKSPACE/dac/ad9142/ad9142/ad9142.srcs/sources_1/bd/dac_design/ipshared/7707/src/handmadedds_block.vhd:32]
	Parameter DDR_CLK_EDGE bound to: SAME_EDGE - type: string 
	Parameter INIT bound to: 1'b0 
	Parameter IS_C_INVERTED bound to: 1'b0 
	Parameter IS_D1_INVERTED bound to: 1'b0 
	Parameter IS_D2_INVERTED bound to: 1'b0 
	Parameter SRTYPE bound to: SYNC - type: string 
INFO: [Synth 8-113] binding component instance 'ODDR_inst' to cell 'ODDR' [c:/Users/Kharitonov_AY/WORKSPACE/dac/ad9142/ad9142/ad9142.srcs/sources_1/bd/dac_design/ipshared/7707/src/handmadedds.vhd:95]
	Parameter CAPACITANCE bound to: DONT_CARE - type: string 
	Parameter IOSTANDARD bound to: DEFAULT - type: string 
	Parameter SLEW bound to: SLOW - type: string 
INFO: [Synth 8-113] binding component instance 'OBUFDS_inst' to cell 'OBUFDS' [c:/Users/Kharitonov_AY/WORKSPACE/dac/ad9142/ad9142/ad9142.srcs/sources_1/bd/dac_design/ipshared/7707/src/handmadedds.vhd:109]
	Parameter DDR_CLK_EDGE bound to: SAME_EDGE - type: string 
	Parameter INIT bound to: 1'b0 
	Parameter IS_C_INVERTED bound to: 1'b0 
	Parameter IS_D1_INVERTED bound to: 1'b0 
	Parameter IS_D2_INVERTED bound to: 1'b0 
	Parameter SRTYPE bound to: SYNC - type: string 
INFO: [Synth 8-113] binding component instance 'ODDR_inst' to cell 'ODDR' [c:/Users/Kharitonov_AY/WORKSPACE/dac/ad9142/ad9142/ad9142.srcs/sources_1/bd/dac_design/ipshared/7707/src/handmadedds.vhd:95]
	Parameter CAPACITANCE bound to: DONT_CARE - type: string 
	Parameter IOSTANDARD bound to: DEFAULT - type: string 
	Parameter SLEW bound to: SLOW - type: string 
INFO: [Synth 8-113] binding component instance 'OBUFDS_inst' to cell 'OBUFDS' [c:/Users/Kharitonov_AY/WORKSPACE/dac/ad9142/ad9142/ad9142.srcs/sources_1/bd/dac_design/ipshared/7707/src/handmadedds.vhd:109]
	Parameter DDR_CLK_EDGE bound to: SAME_EDGE - type: string 
	Parameter INIT bound to: 1'b0 
	Parameter IS_C_INVERTED bound to: 1'b0 
	Parameter IS_D1_INVERTED bound to: 1'b0 
	Parameter IS_D2_INVERTED bound to: 1'b0 
	Parameter SRTYPE bound to: SYNC - type: string 
INFO: [Synth 8-113] binding component instance 'ODDR_inst' to cell 'ODDR' [c:/Users/Kharitonov_AY/WORKSPACE/dac/ad9142/ad9142/ad9142.srcs/sources_1/bd/dac_design/ipshared/7707/src/handmadedds.vhd:95]
	Parameter CAPACITANCE bound to: DONT_CARE - type: string 
	Parameter IOSTANDARD bound to: DEFAULT - type: string 
	Parameter SLEW bound to: SLOW - type: string 
INFO: [Synth 8-113] binding component instance 'OBUFDS_inst' to cell 'OBUFDS' [c:/Users/Kharitonov_AY/WORKSPACE/dac/ad9142/ad9142/ad9142.srcs/sources_1/bd/dac_design/ipshared/7707/src/handmadedds.vhd:109]
	Parameter DDR_CLK_EDGE bound to: SAME_EDGE - type: string 
	Parameter INIT bound to: 1'b0 
	Parameter IS_C_INVERTED bound to: 1'b0 
	Parameter IS_D1_INVERTED bound to: 1'b0 
	Parameter IS_D2_INVERTED bound to: 1'b0 
	Parameter SRTYPE bound to: SYNC - type: string 
INFO: [Synth 8-113] binding component instance 'ODDR_inst' to cell 'ODDR' [c:/Users/Kharitonov_AY/WORKSPACE/dac/ad9142/ad9142/ad9142.srcs/sources_1/bd/dac_design/ipshared/7707/src/handmadedds.vhd:95]
	Parameter CAPACITANCE bound to: DONT_CARE - type: string 
	Parameter IOSTANDARD bound to: DEFAULT - type: string 
	Parameter SLEW bound to: SLOW - type: string 
INFO: [Synth 8-113] binding component instance 'OBUFDS_inst' to cell 'OBUFDS' [c:/Users/Kharitonov_AY/WORKSPACE/dac/ad9142/ad9142/ad9142.srcs/sources_1/bd/dac_design/ipshared/7707/src/handmadedds.vhd:109]
	Parameter DDR_CLK_EDGE bound to: SAME_EDGE - type: string 
	Parameter INIT bound to: 1'b0 
	Parameter IS_C_INVERTED bound to: 1'b0 
	Parameter IS_D1_INVERTED bound to: 1'b0 
	Parameter IS_D2_INVERTED bound to: 1'b0 
	Parameter SRTYPE bound to: SYNC - type: string 
INFO: [Synth 8-113] binding component instance 'ODDR_inst' to cell 'ODDR' [c:/Users/Kharitonov_AY/WORKSPACE/dac/ad9142/ad9142/ad9142.srcs/sources_1/bd/dac_design/ipshared/7707/src/handmadedds.vhd:95]
	Parameter CAPACITANCE bound to: DONT_CARE - type: string 
	Parameter IOSTANDARD bound to: DEFAULT - type: string 
	Parameter SLEW bound to: SLOW - type: string 
INFO: [Synth 8-113] binding component instance 'OBUFDS_inst' to cell 'OBUFDS' [c:/Users/Kharitonov_AY/WORKSPACE/dac/ad9142/ad9142/ad9142.srcs/sources_1/bd/dac_design/ipshared/7707/src/handmadedds.vhd:109]
	Parameter DDR_CLK_EDGE bound to: SAME_EDGE - type: string 
	Parameter INIT bound to: 1'b0 
	Parameter IS_C_INVERTED bound to: 1'b0 
	Parameter IS_D1_INVERTED bound to: 1'b0 
	Parameter IS_D2_INVERTED bound to: 1'b0 
	Parameter SRTYPE bound to: SYNC - type: string 
INFO: [Synth 8-113] binding component instance 'ODDR_inst' to cell 'ODDR' [c:/Users/Kharitonov_AY/WORKSPACE/dac/ad9142/ad9142/ad9142.srcs/sources_1/bd/dac_design/ipshared/7707/src/handmadedds.vhd:95]
	Parameter CAPACITANCE bound to: DONT_CARE - type: string 
	Parameter IOSTANDARD bound to: DEFAULT - type: string 
	Parameter SLEW bound to: SLOW - type: string 
INFO: [Synth 8-113] binding component instance 'OBUFDS_inst' to cell 'OBUFDS' [c:/Users/Kharitonov_AY/WORKSPACE/dac/ad9142/ad9142/ad9142.srcs/sources_1/bd/dac_design/ipshared/7707/src/handmadedds.vhd:109]
	Parameter DDR_CLK_EDGE bound to: SAME_EDGE - type: string 
	Parameter INIT bound to: 1'b0 
	Parameter IS_C_INVERTED bound to: 1'b0 
	Parameter IS_D1_INVERTED bound to: 1'b0 
	Parameter IS_D2_INVERTED bound to: 1'b0 
	Parameter SRTYPE bound to: SYNC - type: string 
INFO: [Synth 8-113] binding component instance 'ODDR_inst' to cell 'ODDR' [c:/Users/Kharitonov_AY/WORKSPACE/dac/ad9142/ad9142/ad9142.srcs/sources_1/bd/dac_design/ipshared/7707/src/handmadedds.vhd:95]
	Parameter CAPACITANCE bound to: DONT_CARE - type: string 
	Parameter IOSTANDARD bound to: DEFAULT - type: string 
	Parameter SLEW bound to: SLOW - type: string 
INFO: [Synth 8-113] binding component instance 'OBUFDS_inst' to cell 'OBUFDS' [c:/Users/Kharitonov_AY/WORKSPACE/dac/ad9142/ad9142/ad9142.srcs/sources_1/bd/dac_design/ipshared/7707/src/handmadedds.vhd:109]
	Parameter DDR_CLK_EDGE bound to: SAME_EDGE - type: string 
	Parameter INIT bound to: 1'b0 
	Parameter IS_C_INVERTED bound to: 1'b0 
	Parameter IS_D1_INVERTED bound to: 1'b0 
	Parameter IS_D2_INVERTED bound to: 1'b0 
	Parameter SRTYPE bound to: SYNC - type: string 
INFO: [Synth 8-113] binding component instance 'ODDR_inst' to cell 'ODDR' [c:/Users/Kharitonov_AY/WORKSPACE/dac/ad9142/ad9142/ad9142.srcs/sources_1/bd/dac_design/ipshared/7707/src/handmadedds.vhd:95]
	Parameter CAPACITANCE bound to: DONT_CARE - type: string 
	Parameter IOSTANDARD bound to: DEFAULT - type: string 
	Parameter SLEW bound to: SLOW - type: string 
INFO: [Synth 8-113] binding component instance 'OBUFDS_inst' to cell 'OBUFDS' [c:/Users/Kharitonov_AY/WORKSPACE/dac/ad9142/ad9142/ad9142.srcs/sources_1/bd/dac_design/ipshared/7707/src/handmadedds.vhd:109]
	Parameter DDR_CLK_EDGE bound to: SAME_EDGE - type: string 
	Parameter INIT bound to: 1'b0 
	Parameter IS_C_INVERTED bound to: 1'b0 
	Parameter IS_D1_INVERTED bound to: 1'b0 
	Parameter IS_D2_INVERTED bound to: 1'b0 
	Parameter SRTYPE bound to: SYNC - type: string 
INFO: [Synth 8-113] binding component instance 'ODDR_inst' to cell 'ODDR' [c:/Users/Kharitonov_AY/WORKSPACE/dac/ad9142/ad9142/ad9142.srcs/sources_1/bd/dac_design/ipshared/7707/src/handmadedds.vhd:95]
	Parameter CAPACITANCE bound to: DONT_CARE - type: string 
	Parameter IOSTANDARD bound to: DEFAULT - type: string 
	Parameter SLEW bound to: SLOW - type: string 
INFO: [Synth 8-113] binding component instance 'OBUFDS_inst' to cell 'OBUFDS' [c:/Users/Kharitonov_AY/WORKSPACE/dac/ad9142/ad9142/ad9142.srcs/sources_1/bd/dac_design/ipshared/7707/src/handmadedds.vhd:109]
	Parameter DDR_CLK_EDGE bound to: SAME_EDGE - type: string 
	Parameter INIT bound to: 1'b0 
	Parameter IS_C_INVERTED bound to: 1'b0 
	Parameter IS_D1_INVERTED bound to: 1'b0 
	Parameter IS_D2_INVERTED bound to: 1'b0 
	Parameter SRTYPE bound to: SYNC - type: string 
INFO: [Synth 8-113] binding component instance 'ODDR_inst' to cell 'ODDR' [c:/Users/Kharitonov_AY/WORKSPACE/dac/ad9142/ad9142/ad9142.srcs/sources_1/bd/dac_design/ipshared/7707/src/handmadedds.vhd:95]
	Parameter CAPACITANCE bound to: DONT_CARE - type: string 
	Parameter IOSTANDARD bound to: DEFAULT - type: string 
	Parameter SLEW bound to: SLOW - type: string 
INFO: [Synth 8-113] binding component instance 'OBUFDS_inst' to cell 'OBUFDS' [c:/Users/Kharitonov_AY/WORKSPACE/dac/ad9142/ad9142/ad9142.srcs/sources_1/bd/dac_design/ipshared/7707/src/handmadedds.vhd:109]
	Parameter DDR_CLK_EDGE bound to: SAME_EDGE - type: string 
	Parameter INIT bound to: 1'b0 
	Parameter IS_C_INVERTED bound to: 1'b0 
	Parameter IS_D1_INVERTED bound to: 1'b0 
	Parameter IS_D2_INVERTED bound to: 1'b0 
	Parameter SRTYPE bound to: SYNC - type: string 
INFO: [Synth 8-113] binding component instance 'ODDR_inst' to cell 'ODDR' [c:/Users/Kharitonov_AY/WORKSPACE/dac/ad9142/ad9142/ad9142.srcs/sources_1/bd/dac_design/ipshared/7707/src/handmadedds.vhd:95]
	Parameter CAPACITANCE bound to: DONT_CARE - type: string 
	Parameter IOSTANDARD bound to: DEFAULT - type: string 
	Parameter SLEW bound to: SLOW - type: string 
INFO: [Synth 8-113] binding component instance 'OBUFDS_inst' to cell 'OBUFDS' [c:/Users/Kharitonov_AY/WORKSPACE/dac/ad9142/ad9142/ad9142.srcs/sources_1/bd/dac_design/ipshared/7707/src/handmadedds.vhd:109]
	Parameter DDR_CLK_EDGE bound to: SAME_EDGE - type: string 
	Parameter INIT bound to: 1'b0 
	Parameter IS_C_INVERTED bound to: 1'b0 
	Parameter IS_D1_INVERTED bound to: 1'b0 
	Parameter IS_D2_INVERTED bound to: 1'b0 
	Parameter SRTYPE bound to: SYNC - type: string 
INFO: [Synth 8-113] binding component instance 'ODDR_inst' to cell 'ODDR' [c:/Users/Kharitonov_AY/WORKSPACE/dac/ad9142/ad9142/ad9142.srcs/sources_1/bd/dac_design/ipshared/7707/src/handmadedds.vhd:95]
	Parameter CAPACITANCE bound to: DONT_CARE - type: string 
	Parameter IOSTANDARD bound to: DEFAULT - type: string 
	Parameter SLEW bound to: SLOW - type: string 
INFO: [Synth 8-113] binding component instance 'OBUFDS_inst' to cell 'OBUFDS' [c:/Users/Kharitonov_AY/WORKSPACE/dac/ad9142/ad9142/ad9142.srcs/sources_1/bd/dac_design/ipshared/7707/src/handmadedds.vhd:109]
	Parameter DDR_CLK_EDGE bound to: SAME_EDGE - type: string 
	Parameter INIT bound to: 1'b0 
	Parameter IS_C_INVERTED bound to: 1'b0 
	Parameter IS_D1_INVERTED bound to: 1'b0 
	Parameter IS_D2_INVERTED bound to: 1'b0 
	Parameter SRTYPE bound to: SYNC - type: string 
INFO: [Synth 8-113] binding component instance 'ODDR_inst' to cell 'ODDR' [c:/Users/Kharitonov_AY/WORKSPACE/dac/ad9142/ad9142/ad9142.srcs/sources_1/bd/dac_design/ipshared/7707/src/handmadedds.vhd:95]
	Parameter CAPACITANCE bound to: DONT_CARE - type: string 
	Parameter IOSTANDARD bound to: DEFAULT - type: string 
	Parameter SLEW bound to: SLOW - type: string 
INFO: [Synth 8-113] binding component instance 'OBUFDS_inst' to cell 'OBUFDS' [c:/Users/Kharitonov_AY/WORKSPACE/dac/ad9142/ad9142/ad9142.srcs/sources_1/bd/dac_design/ipshared/7707/src/handmadedds.vhd:109]
	Parameter DDR_CLK_EDGE bound to: SAME_EDGE - type: string 
	Parameter INIT bound to: 1'b0 
	Parameter IS_C_INVERTED bound to: 1'b0 
	Parameter IS_D1_INVERTED bound to: 1'b0 
	Parameter IS_D2_INVERTED bound to: 1'b0 
	Parameter SRTYPE bound to: SYNC - type: string 
INFO: [Synth 8-113] binding component instance 'ODDR_inst' to cell 'ODDR' [c:/Users/Kharitonov_AY/WORKSPACE/dac/ad9142/ad9142/ad9142.srcs/sources_1/bd/dac_design/ipshared/7707/src/handmadedds.vhd:95]
	Parameter CAPACITANCE bound to: DONT_CARE - type: string 
	Parameter IOSTANDARD bound to: DEFAULT - type: string 
	Parameter SLEW bound to: SLOW - type: string 
INFO: [Synth 8-113] binding component instance 'OBUFDS_inst' to cell 'OBUFDS' [c:/Users/Kharitonov_AY/WORKSPACE/dac/ad9142/ad9142/ad9142.srcs/sources_1/bd/dac_design/ipshared/7707/src/handmadedds.vhd:109]
	Parameter DDR_CLK_EDGE bound to: SAME_EDGE - type: string 
	Parameter INIT bound to: 1'b0 
	Parameter IS_C_INVERTED bound to: 1'b0 
	Parameter IS_D1_INVERTED bound to: 1'b0 
	Parameter IS_D2_INVERTED bound to: 1'b0 
	Parameter SRTYPE bound to: SYNC - type: string 
INFO: [Synth 8-113] binding component instance 'ODDR_inst' to cell 'ODDR' [c:/Users/Kharitonov_AY/WORKSPACE/dac/ad9142/ad9142/ad9142.srcs/sources_1/bd/dac_design/ipshared/7707/src/handmadedds.vhd:95]
	Parameter CAPACITANCE bound to: DONT_CARE - type: string 
	Parameter IOSTANDARD bound to: DEFAULT - type: string 
	Parameter SLEW bound to: SLOW - type: string 
INFO: [Synth 8-113] binding component instance 'OBUFDS_inst' to cell 'OBUFDS' [c:/Users/Kharitonov_AY/WORKSPACE/dac/ad9142/ad9142/ad9142.srcs/sources_1/bd/dac_design/ipshared/7707/src/handmadedds.vhd:109]
	Parameter DDR_CLK_EDGE bound to: SAME_EDGE - type: string 
	Parameter INIT bound to: 1'b0 
	Parameter IS_C_INVERTED bound to: 1'b0 
	Parameter IS_D1_INVERTED bound to: 1'b0 
	Parameter IS_D2_INVERTED bound to: 1'b0 
	Parameter SRTYPE bound to: SYNC - type: string 
INFO: [Synth 8-113] binding component instance 'ODDR_inst' to cell 'ODDR' [c:/Users/Kharitonov_AY/WORKSPACE/dac/ad9142/ad9142/ad9142.srcs/sources_1/bd/dac_design/ipshared/7707/src/handmadedds.vhd:95]
	Parameter CAPACITANCE bound to: DONT_CARE - type: string 
	Parameter IOSTANDARD bound to: DEFAULT - type: string 
	Parameter SLEW bound to: SLOW - type: string 
INFO: [Synth 8-113] binding component instance 'OBUFDS_inst' to cell 'OBUFDS' [c:/Users/Kharitonov_AY/WORKSPACE/dac/ad9142/ad9142/ad9142.srcs/sources_1/bd/dac_design/ipshared/7707/src/handmadedds.vhd:109]
INFO: [Synth 8-256] done synthesizing module 'handmadedds' (5#1) [c:/Users/Kharitonov_AY/WORKSPACE/dac/ad9142/ad9142/ad9142.srcs/sources_1/bd/dac_design/ipshared/7707/src/handmadedds.vhd:57]
INFO: [Synth 8-256] done synthesizing module 'dac_design_handmadedds_0_0' (6#1) [c:/Users/Kharitonov_AY/WORKSPACE/dac/ad9142/ad9142/ad9142.srcs/sources_1/bd/dac_design/ip/dac_design_handmadedds_0_0/synth/dac_design_handmadedds_0_0.vhd:67]
---------------------------------------------------------------------------------
Finished RTL Elaboration : Time (s): cpu = 00:00:09 ; elapsed = 00:00:11 . Memory (MB): peak = 546.926 ; gain = 194.363
---------------------------------------------------------------------------------

Report Check Netlist: 
+------+------------------+-------+---------+-------+------------------+
|      |Item              |Errors |Warnings |Status |Description       |
+------+------------------+-------+---------+-------+------------------+
|1     |multi_driven_nets |      0|        0|Passed |Multi driven nets |
+------+------------------+-------+---------+-------+------------------+
---------------------------------------------------------------------------------
Start Handling Custom Attributes
---------------------------------------------------------------------------------
---------------------------------------------------------------------------------
Finished Handling Custom Attributes : Time (s): cpu = 00:00:10 ; elapsed = 00:00:11 . Memory (MB): peak = 546.926 ; gain = 194.363
---------------------------------------------------------------------------------
---------------------------------------------------------------------------------
Finished RTL Optimization Phase 1 : Time (s): cpu = 00:00:10 ; elapsed = 00:00:11 . Memory (MB): peak = 546.926 ; gain = 194.363
---------------------------------------------------------------------------------
INFO: [Netlist 29-17] Analyzing 32 Unisim elements for replacement
INFO: [Netlist 29-28] Unisim Transformation completed in 0 CPU seconds
INFO: [Device 21-403] Loading part xc7z020clg484-1
INFO: [Project 1-570] Preparing netlist for logic optimization

Processing XDC Constraints
Initializing timing engine
Completed Processing XDC Constraints

INFO: [Project 1-111] Unisim Transformation Summary:
  A total of 16 instances were transformed.
  OBUFDS => OBUFDS_DUAL_BUF (INV, OBUFDS, OBUFDS): 16 instances

Constraint Validation Runtime : Time (s): cpu = 00:00:00 ; elapsed = 00:00:00.063 . Memory (MB): peak = 875.383 ; gain = 0.379
---------------------------------------------------------------------------------
Finished Constraint Validation : Time (s): cpu = 00:00:24 ; elapsed = 00:00:27 . Memory (MB): peak = 875.383 ; gain = 522.820
---------------------------------------------------------------------------------
---------------------------------------------------------------------------------
Start Loading Part and Timing Information
---------------------------------------------------------------------------------
Loading part: xc7z020clg484-1
---------------------------------------------------------------------------------
Finished Loading Part and Timing Information : Time (s): cpu = 00:00:24 ; elapsed = 00:00:27 . Memory (MB): peak = 875.383 ; gain = 522.820
---------------------------------------------------------------------------------
---------------------------------------------------------------------------------
Start Applying 'set_property' XDC Constraints
---------------------------------------------------------------------------------
---------------------------------------------------------------------------------
Finished applying 'set_property' XDC Constraints : Time (s): cpu = 00:00:24 ; elapsed = 00:00:27 . Memory (MB): peak = 875.383 ; gain = 522.820
---------------------------------------------------------------------------------
WARNING: [Synth 8-6014] Unused sequential element LUToutRegister_reg_reg[0] was removed.  [c:/Users/Kharitonov_AY/WORKSPACE/dac/ad9142/ad9142/ad9142.srcs/sources_1/bd/dac_design/ipshared/7707/src/LookUpTableGen.vhd:4171]
INFO: [Synth 8-5546] ROM "addrOverFsin" won't be mapped to RAM because it is too sparse
INFO: [Synth 8-5546] ROM "addreqzero" won't be mapped to RAM because it is too sparse
---------------------------------------------------------------------------------
Finished RTL Optimization Phase 2 : Time (s): cpu = 00:01:30 ; elapsed = 00:01:33 . Memory (MB): peak = 875.383 ; gain = 522.820
---------------------------------------------------------------------------------

Report RTL Partitions: 
+-+--------------+------------+----------+
| |RTL Partition |Replication |Instances |
+-+--------------+------------+----------+
+-+--------------+------------+----------+
---------------------------------------------------------------------------------
Start RTL Component Statistics 
---------------------------------------------------------------------------------
Detailed RTL Component Info : 
+---Adders : 
	   2 Input     16 Bit       Adders := 2     
	   2 Input     14 Bit       Adders := 1     
+---XORs : 
	   2 Input      1 Bit         XORs := 1     
+---Registers : 
	               32 Bit    Registers := 1     
	               16 Bit    Registers := 8     
	               14 Bit    Registers := 2     
	                5 Bit    Registers := 1     
	                4 Bit    Registers := 4     
	                1 Bit    Registers := 2     
+---ROMs : 
	                              ROMs := 2     
+---Muxes : 
	   2 Input     16 Bit        Muxes := 6     
	   3 Input     14 Bit        Muxes := 2     
	   2 Input     14 Bit        Muxes := 2     
	   3 Input      2 Bit        Muxes := 2     
	   2 Input      1 Bit        Muxes := 2     
---------------------------------------------------------------------------------
Finished RTL Component Statistics 
---------------------------------------------------------------------------------
---------------------------------------------------------------------------------
Start RTL Hierarchical Component Statistics 
---------------------------------------------------------------------------------
Hierarchical RTL Component report 
Module LookUpTableGen 
Detailed RTL Component Info : 
+---Registers : 
	               16 Bit    Registers := 3     
	               14 Bit    Registers := 1     
+---ROMs : 
	                              ROMs := 1     
+---Muxes : 
	   3 Input     14 Bit        Muxes := 1     
	   3 Input      2 Bit        Muxes := 1     
Module WaveformGen 
Detailed RTL Component Info : 
+---Adders : 
	   2 Input     16 Bit       Adders := 2     
	   2 Input     14 Bit       Adders := 1     
+---XORs : 
	   2 Input      1 Bit         XORs := 1     
+---Registers : 
	                4 Bit    Registers := 4     
	                1 Bit    Registers := 1     
+---Muxes : 
	   2 Input     16 Bit        Muxes := 4     
	   2 Input     14 Bit        Muxes := 2     
	   2 Input      1 Bit        Muxes := 2     
Module NCO_HDL_Optimized 
Detailed RTL Component Info : 
+---Registers : 
	               32 Bit    Registers := 1     
	               16 Bit    Registers := 2     
	                5 Bit    Registers := 1     
	                1 Bit    Registers := 1     
+---Muxes : 
	   2 Input     16 Bit        Muxes := 2     
---------------------------------------------------------------------------------
Finished RTL Hierarchical Component Statistics
---------------------------------------------------------------------------------
---------------------------------------------------------------------------------
Start Part Resource Summary
---------------------------------------------------------------------------------
Part Resources:
DSPs: 220 (col length:60)
BRAMs: 280 (col length: RAMB18 60 RAMB36 30)
---------------------------------------------------------------------------------
Finished Part Resource Summary
---------------------------------------------------------------------------------
---------------------------------------------------------------------------------
Start Cross Boundary and Area Optimization
---------------------------------------------------------------------------------
Warning: Parallel synthesis criteria is not met 
WARNING: [Synth 8-6014] Unused sequential element U0/u_handmadedds/u_NCO_HDL_Optimized/validOut_reg was removed.  [c:/Users/Kharitonov_AY/WORKSPACE/dac/ad9142/ad9142/ad9142.srcs/sources_1/bd/dac_design/ipshared/7707/src/NCO_HDL_Optimized.vhd:199]
INFO: [Synth 8-5546] ROM "U0/u_handmadedds/u_NCO_HDL_Optimized/u_Wave_inst/addrOverFsin" won't be mapped to RAM because it is too sparse
INFO: [Synth 8-5546] ROM "U0/u_handmadedds/u_NCO_HDL_Optimized/u_Wave_inst/addreqzero" won't be mapped to RAM because it is too sparse
WARNING: [Synth 8-6014] Unused sequential element U0/u_handmadedds/u_NCO_HDL_Optimized/u_Wave_inst/u_SineWave_inst/LUToutRegister_reg_reg[0] was removed.  [c:/Users/Kharitonov_AY/WORKSPACE/dac/ad9142/ad9142/ad9142.srcs/sources_1/bd/dac_design/ipshared/7707/src/LookUpTableGen.vhd:4171]
WARNING: [Synth 8-6014] Unused sequential element U0/u_handmadedds/u_NCO_HDL_Optimized/u_Wave_inst/u_CosineWave_inst/LUToutRegister_reg_reg[0] was removed.  [c:/Users/Kharitonov_AY/WORKSPACE/dac/ad9142/ad9142/ad9142.srcs/sources_1/bd/dac_design/ipshared/7707/src/LookUpTableGen.vhd:4171]
INFO: [Synth 8-3333] propagating constant 0 across sequential element (i_0/\U0/u_handmadedds/u_NCO_HDL_Optimized/accphase_reg_reg[16] )
INFO: [Synth 8-3333] propagating constant 0 across sequential element (i_0/\U0/u_handmadedds/u_NCO_HDL_Optimized/accphase_reg_reg[28] )
INFO: [Synth 8-3333] propagating constant 0 across sequential element (i_0/\U0/u_handmadedds/u_NCO_HDL_Optimized/accphase_reg_reg[27] )
INFO: [Synth 8-3333] propagating constant 0 across sequential element (i_0/\U0/u_handmadedds/u_NCO_HDL_Optimized/accphase_reg_reg[26] )
INFO: [Synth 8-3333] propagating constant 0 across sequential element (i_0/\U0/u_handmadedds/u_NCO_HDL_Optimized/accphase_reg_reg[25] )
INFO: [Synth 8-3333] propagating constant 0 across sequential element (i_0/\U0/u_handmadedds/u_NCO_HDL_Optimized/accphase_reg_reg[24] )
INFO: [Synth 8-3333] propagating constant 0 across sequential element (i_0/\U0/u_handmadedds/u_NCO_HDL_Optimized/accphase_reg_reg[23] )
INFO: [Synth 8-3333] propagating constant 0 across sequential element (i_0/\U0/u_handmadedds/u_NCO_HDL_Optimized/accphase_reg_reg[22] )
INFO: [Synth 8-3333] propagating constant 0 across sequential element (i_0/\U0/u_handmadedds/u_NCO_HDL_Optimized/accphase_reg_reg[21] )
INFO: [Synth 8-3333] propagating constant 0 across sequential element (i_0/\U0/u_handmadedds/u_NCO_HDL_Optimized/accphase_reg_reg[20] )
INFO: [Synth 8-3333] propagating constant 0 across sequential element (i_0/\U0/u_handmadedds/u_NCO_HDL_Optimized/accphase_reg_reg[19] )
INFO: [Synth 8-3333] propagating constant 0 across sequential element (i_0/\U0/u_handmadedds/u_NCO_HDL_Optimized/accphase_reg_reg[18] )
INFO: [Synth 8-3333] propagating constant 0 across sequential element (i_0/\U0/u_handmadedds/u_NCO_HDL_Optimized/accphase_reg_reg[17] )
INFO: [Synth 8-3332] Sequential element (U0/u_handmadedds/u_NCO_HDL_Optimized/accoffsete_reg_reg[28]) is unused and will be removed from module dac_design_handmadedds_0_0.
INFO: [Synth 8-3332] Sequential element (U0/u_handmadedds/u_NCO_HDL_Optimized/accoffsete_reg_reg[27]) is unused and will be removed from module dac_design_handmadedds_0_0.
INFO: [Synth 8-3332] Sequential element (U0/u_handmadedds/u_NCO_HDL_Optimized/accoffsete_reg_reg[26]) is unused and will be removed from module dac_design_handmadedds_0_0.
INFO: [Synth 8-3332] Sequential element (U0/u_handmadedds/u_NCO_HDL_Optimized/accoffsete_reg_reg[25]) is unused and will be removed from module dac_design_handmadedds_0_0.
INFO: [Synth 8-3332] Sequential element (U0/u_handmadedds/u_NCO_HDL_Optimized/accoffsete_reg_reg[24]) is unused and will be removed from module dac_design_handmadedds_0_0.
INFO: [Synth 8-3332] Sequential element (U0/u_handmadedds/u_NCO_HDL_Optimized/accoffsete_reg_reg[23]) is unused and will be removed from module dac_design_handmadedds_0_0.
INFO: [Synth 8-3332] Sequential element (U0/u_handmadedds/u_NCO_HDL_Optimized/accoffsete_reg_reg[22]) is unused and will be removed from module dac_design_handmadedds_0_0.
INFO: [Synth 8-3332] Sequential element (U0/u_handmadedds/u_NCO_HDL_Optimized/accoffsete_reg_reg[21]) is unused and will be removed from module dac_design_handmadedds_0_0.
INFO: [Synth 8-3332] Sequential element (U0/u_handmadedds/u_NCO_HDL_Optimized/accoffsete_reg_reg[20]) is unused and will be removed from module dac_design_handmadedds_0_0.
INFO: [Synth 8-3332] Sequential element (U0/u_handmadedds/u_NCO_HDL_Optimized/accoffsete_reg_reg[19]) is unused and will be removed from module dac_design_handmadedds_0_0.
INFO: [Synth 8-3332] Sequential element (U0/u_handmadedds/u_NCO_HDL_Optimized/accoffsete_reg_reg[18]) is unused and will be removed from module dac_design_handmadedds_0_0.
INFO: [Synth 8-3332] Sequential element (U0/u_handmadedds/u_NCO_HDL_Optimized/accoffsete_reg_reg[17]) is unused and will be removed from module dac_design_handmadedds_0_0.
INFO: [Synth 8-3332] Sequential element (U0/u_handmadedds/u_NCO_HDL_Optimized/accoffsete_reg_reg[16]) is unused and will be removed from module dac_design_handmadedds_0_0.
INFO: [Synth 8-3332] Sequential element (U0/u_handmadedds/u_NCO_HDL_Optimized/accoffsete_reg_reg[15]) is unused and will be removed from module dac_design_handmadedds_0_0.
INFO: [Synth 8-3332] Sequential element (U0/u_handmadedds/u_NCO_HDL_Optimized/accoffsete_reg_reg[14]) is unused and will be removed from module dac_design_handmadedds_0_0.
INFO: [Synth 8-3332] Sequential element (U0/u_handmadedds/u_NCO_HDL_Optimized/accoffsete_reg_reg[13]) is unused and will be removed from module dac_design_handmadedds_0_0.
INFO: [Synth 8-3332] Sequential element (U0/u_handmadedds/u_NCO_HDL_Optimized/accoffsete_reg_reg[12]) is unused and will be removed from module dac_design_handmadedds_0_0.
INFO: [Synth 8-3332] Sequential element (U0/u_handmadedds/u_NCO_HDL_Optimized/accoffsete_reg_reg[11]) is unused and will be removed from module dac_design_handmadedds_0_0.
INFO: [Synth 8-3332] Sequential element (U0/u_handmadedds/u_NCO_HDL_Optimized/accoffsete_reg_reg[10]) is unused and will be removed from module dac_design_handmadedds_0_0.
INFO: [Synth 8-3332] Sequential element (U0/u_handmadedds/u_NCO_HDL_Optimized/accoffsete_reg_reg[9]) is unused and will be removed from module dac_design_handmadedds_0_0.
INFO: [Synth 8-3332] Sequential element (U0/u_handmadedds/u_NCO_HDL_Optimized/accoffsete_reg_reg[8]) is unused and will be removed from module dac_design_handmadedds_0_0.
INFO: [Synth 8-3332] Sequential element (U0/u_handmadedds/u_NCO_HDL_Optimized/accoffsete_reg_reg[7]) is unused and will be removed from module dac_design_handmadedds_0_0.
INFO: [Synth 8-3332] Sequential element (U0/u_handmadedds/u_NCO_HDL_Optimized/accoffsete_reg_reg[6]) is unused and will be removed from module dac_design_handmadedds_0_0.
INFO: [Synth 8-3332] Sequential element (U0/u_handmadedds/u_NCO_HDL_Optimized/accoffsete_reg_reg[5]) is unused and will be removed from module dac_design_handmadedds_0_0.
INFO: [Synth 8-3332] Sequential element (U0/u_handmadedds/u_NCO_HDL_Optimized/accoffsete_reg_reg[4]) is unused and will be removed from module dac_design_handmadedds_0_0.
INFO: [Synth 8-3332] Sequential element (U0/u_handmadedds/u_NCO_HDL_Optimized/accoffsete_reg_reg[3]) is unused and will be removed from module dac_design_handmadedds_0_0.
INFO: [Synth 8-3332] Sequential element (U0/u_handmadedds/u_NCO_HDL_Optimized/accoffsete_reg_reg[2]) is unused and will be removed from module dac_design_handmadedds_0_0.
INFO: [Synth 8-3332] Sequential element (U0/u_handmadedds/u_NCO_HDL_Optimized/accoffsete_reg_reg[1]) is unused and will be removed from module dac_design_handmadedds_0_0.
INFO: [Synth 8-3332] Sequential element (U0/u_handmadedds/u_NCO_HDL_Optimized/accoffsete_reg_reg[0]) is unused and will be removed from module dac_design_handmadedds_0_0.
INFO: [Synth 8-3332] Sequential element (U0/u_handmadedds/u_NCO_HDL_Optimized/u_Wave_inst/u_SineWave_inst/lutaddrInReg_reg[12]) is unused and will be removed from module dac_design_handmadedds_0_0.
INFO: [Synth 8-3332] Sequential element (U0/u_handmadedds/u_NCO_HDL_Optimized/u_Wave_inst/u_SineWave_inst/lutaddrInReg_reg[11]) is unused and will be removed from module dac_design_handmadedds_0_0.
INFO: [Synth 8-3332] Sequential element (U0/u_handmadedds/u_NCO_HDL_Optimized/u_Wave_inst/u_SineWave_inst/lutaddrInReg_reg[10]) is unused and will be removed from module dac_design_handmadedds_0_0.
INFO: [Synth 8-3332] Sequential element (U0/u_handmadedds/u_NCO_HDL_Optimized/u_Wave_inst/u_SineWave_inst/lutaddrInReg_reg[9]) is unused and will be removed from module dac_design_handmadedds_0_0.
INFO: [Synth 8-3332] Sequential element (U0/u_handmadedds/u_NCO_HDL_Optimized/u_Wave_inst/u_SineWave_inst/lutaddrInReg_reg[8]) is unused and will be removed from module dac_design_handmadedds_0_0.
INFO: [Synth 8-3332] Sequential element (U0/u_handmadedds/u_NCO_HDL_Optimized/u_Wave_inst/u_SineWave_inst/lutaddrInReg_reg[7]) is unused and will be removed from module dac_design_handmadedds_0_0.
INFO: [Synth 8-3332] Sequential element (U0/u_handmadedds/u_NCO_HDL_Optimized/u_Wave_inst/u_SineWave_inst/lutaddrInReg_reg[6]) is unused and will be removed from module dac_design_handmadedds_0_0.
INFO: [Synth 8-3332] Sequential element (U0/u_handmadedds/u_NCO_HDL_Optimized/u_Wave_inst/u_SineWave_inst/lutaddrInReg_reg[5]) is unused and will be removed from module dac_design_handmadedds_0_0.
INFO: [Synth 8-3332] Sequential element (U0/u_handmadedds/u_NCO_HDL_Optimized/u_Wave_inst/u_SineWave_inst/lutaddrInReg_reg[4]) is unused and will be removed from module dac_design_handmadedds_0_0.
INFO: [Synth 8-3332] Sequential element (U0/u_handmadedds/u_NCO_HDL_Optimized/u_Wave_inst/u_SineWave_inst/lutaddrInReg_reg[3]) is unused and will be removed from module dac_design_handmadedds_0_0.
INFO: [Synth 8-3332] Sequential element (U0/u_handmadedds/u_NCO_HDL_Optimized/u_Wave_inst/u_SineWave_inst/lutaddrInReg_reg[2]) is unused and will be removed from module dac_design_handmadedds_0_0.
INFO: [Synth 8-3332] Sequential element (U0/u_handmadedds/u_NCO_HDL_Optimized/u_Wave_inst/u_SineWave_inst/lutaddrInReg_reg[1]) is unused and will be removed from module dac_design_handmadedds_0_0.
INFO: [Synth 8-3332] Sequential element (U0/u_handmadedds/u_NCO_HDL_Optimized/u_Wave_inst/u_CosineWave_inst/lutaddrInReg_reg[12]) is unused and will be removed from module dac_design_handmadedds_0_0.
INFO: [Synth 8-3332] Sequential element (U0/u_handmadedds/u_NCO_HDL_Optimized/u_Wave_inst/u_CosineWave_inst/lutaddrInReg_reg[11]) is unused and will be removed from module dac_design_handmadedds_0_0.
INFO: [Synth 8-3332] Sequential element (U0/u_handmadedds/u_NCO_HDL_Optimized/u_Wave_inst/u_CosineWave_inst/lutaddrInReg_reg[10]) is unused and will be removed from module dac_design_handmadedds_0_0.
INFO: [Synth 8-3332] Sequential element (U0/u_handmadedds/u_NCO_HDL_Optimized/u_Wave_inst/u_CosineWave_inst/lutaddrInReg_reg[9]) is unused and will be removed from module dac_design_handmadedds_0_0.
INFO: [Synth 8-3332] Sequential element (U0/u_handmadedds/u_NCO_HDL_Optimized/u_Wave_inst/u_CosineWave_inst/lutaddrInReg_reg[8]) is unused and will be removed from module dac_design_handmadedds_0_0.
INFO: [Synth 8-3332] Sequential element (U0/u_handmadedds/u_NCO_HDL_Optimized/u_Wave_inst/u_CosineWave_inst/lutaddrInReg_reg[7]) is unused and will be removed from module dac_design_handmadedds_0_0.
INFO: [Synth 8-3332] Sequential element (U0/u_handmadedds/u_NCO_HDL_Optimized/u_Wave_inst/u_CosineWave_inst/lutaddrInReg_reg[6]) is unused and will be removed from module dac_design_handmadedds_0_0.
INFO: [Synth 8-3332] Sequential element (U0/u_handmadedds/u_NCO_HDL_Optimized/u_Wave_inst/u_CosineWave_inst/lutaddrInReg_reg[5]) is unused and will be removed from module dac_design_handmadedds_0_0.
INFO: [Synth 8-3332] Sequential element (U0/u_handmadedds/u_NCO_HDL_Optimized/u_Wave_inst/u_CosineWave_inst/lutaddrInReg_reg[4]) is unused and will be removed from module dac_design_handmadedds_0_0.
INFO: [Synth 8-3332] Sequential element (U0/u_handmadedds/u_NCO_HDL_Optimized/u_Wave_inst/u_CosineWave_inst/lutaddrInReg_reg[3]) is unused and will be removed from module dac_design_handmadedds_0_0.
INFO: [Synth 8-3332] Sequential element (U0/u_handmadedds/u_NCO_HDL_Optimized/u_Wave_inst/u_CosineWave_inst/lutaddrInReg_reg[2]) is unused and will be removed from module dac_design_handmadedds_0_0.
INFO: [Synth 8-3332] Sequential element (U0/u_handmadedds/u_NCO_HDL_Optimized/u_Wave_inst/u_CosineWave_inst/lutaddrInReg_reg[1]) is unused and will be removed from module dac_design_handmadedds_0_0.
INFO: [Synth 8-3886] merging instance 'U0/u_handmadedds/u_NCO_HDL_Optimized/u_Wave_inst/u_CosineWave_inst/lutaddrInReg_reg[0]' (FDC) to 'U0/u_handmadedds/u_NCO_HDL_Optimized/u_Wave_inst/u_SineWave_inst/lutaddrInReg_reg[0]'
INFO: [Synth 8-3333] propagating constant 0 across sequential element (\U0/u_handmadedds/u_NCO_HDL_Optimized/u_Wave_inst/u_SineWave_inst/lutaddrInReg_reg[0] )
INFO: [Synth 8-3332] Sequential element (U0/u_handmadedds/u_NCO_HDL_Optimized/u_Wave_inst/u_SineWave_inst/lutaddrInReg_reg[0]) is unused and will be removed from module dac_design_handmadedds_0_0.
INFO: [Synth 8-3886] merging instance 'U0/u_handmadedds/u_NCO_HDL_Optimized/u_Wave_inst/u_CosineWave_inst/lutaddrInReg_reg[13]' (FDC) to 'U0/u_handmadedds/u_NCO_HDL_Optimized/u_Wave_inst/u_SineWave_inst/lutaddrInReg_reg[13]'
---------------------------------------------------------------------------------
Finished Cross Boundary and Area Optimization : Time (s): cpu = 00:03:47 ; elapsed = 00:03:54 . Memory (MB): peak = 875.383 ; gain = 522.820
---------------------------------------------------------------------------------
---------------------------------------------------------------------------------
Start ROM, RAM, DSP and Shift Register Reporting
---------------------------------------------------------------------------------

ROM:
+---------------------------+----------------------------------------------------------------------------------------------+---------------+----------------+
|Module Name                | RTL Object                                                                                   | Depth x Width | Implemented As | 
+---------------------------+----------------------------------------------------------------------------------------------+---------------+----------------+
|LookUpTableGen             | LUToutRegister_reg_reg[0]                                                                    | 16384x16      | Block RAM      | 
|dac_design_handmadedds_0_0 | U0/u_handmadedds/u_NCO_HDL_Optimized/u_Wave_inst/u_SineWave_inst/LUToutRegister_reg_reg[0]   | 16384x16      | Block RAM      | 
|dac_design_handmadedds_0_0 | U0/u_handmadedds/u_NCO_HDL_Optimized/u_Wave_inst/u_CosineWave_inst/LUToutRegister_reg_reg[0] | 16384x16      | Block RAM      | 
+---------------------------+----------------------------------------------------------------------------------------------+---------------+----------------+

---------------------------------------------------------------------------------
Finished ROM, RAM, DSP and Shift Register Reporting
---------------------------------------------------------------------------------
INFO: [Synth 8-4480] The timing for the instance u_NCO_HDL_Optimizedi_1/U0/u_handmadedds/u_NCO_HDL_Optimized/u_Wave_inst/u_SineWave_inst/LUToutRegister_reg_reg[0]_0 (implemented as a block RAM) might be sub-optimal as no optional output register could be merged into the block ram. Providing additional output register may help in improving timing.
INFO: [Synth 8-4480] The timing for the instance u_NCO_HDL_Optimizedi_1/U0/u_handmadedds/u_NCO_HDL_Optimized/u_Wave_inst/u_SineWave_inst/LUToutRegister_reg_reg[0]_1 (implemented as a block RAM) might be sub-optimal as no optional output register could be merged into the block ram. Providing additional output register may help in improving timing.
INFO: [Synth 8-4480] The timing for the instance u_NCO_HDL_Optimizedi_1/U0/u_handmadedds/u_NCO_HDL_Optimized/u_Wave_inst/u_SineWave_inst/LUToutRegister_reg_reg[0]_2 (implemented as a block RAM) might be sub-optimal as no optional output register could be merged into the block ram. Providing additional output register may help in improving timing.
INFO: [Synth 8-4480] The timing for the instance u_NCO_HDL_Optimizedi_1/U0/u_handmadedds/u_NCO_HDL_Optimized/u_Wave_inst/u_SineWave_inst/LUToutRegister_reg_reg[0]_3 (implemented as a block RAM) might be sub-optimal as no optional output register could be merged into the block ram. Providing additional output register may help in improving timing.
INFO: [Synth 8-4480] The timing for the instance u_NCO_HDL_Optimizedi_1/U0/u_handmadedds/u_NCO_HDL_Optimized/u_Wave_inst/u_SineWave_inst/LUToutRegister_reg_reg[0]_4 (implemented as a block RAM) might be sub-optimal as no optional output register could be merged into the block ram. Providing additional output register may help in improving timing.
INFO: [Synth 8-4480] The timing for the instance u_NCO_HDL_Optimizedi_1/U0/u_handmadedds/u_NCO_HDL_Optimized/u_Wave_inst/u_SineWave_inst/LUToutRegister_reg_reg[0]_5 (implemented as a block RAM) might be sub-optimal as no optional output register could be merged into the block ram. Providing additional output register may help in improving timing.
INFO: [Synth 8-4480] The timing for the instance u_NCO_HDL_Optimizedi_1/U0/u_handmadedds/u_NCO_HDL_Optimized/u_Wave_inst/u_SineWave_inst/LUToutRegister_reg_reg[0]_6 (implemented as a block RAM) might be sub-optimal as no optional output register could be merged into the block ram. Providing additional output register may help in improving timing.
INFO: [Synth 8-4480] The timing for the instance u_NCO_HDL_Optimizedi_1/U0/u_handmadedds/u_NCO_HDL_Optimized/u_Wave_inst/u_SineWave_inst/LUToutRegister_reg_reg[0]_7 (implemented as a block RAM) might be sub-optimal as no optional output register could be merged into the block ram. Providing additional output register may help in improving timing.
INFO: [Synth 8-4480] The timing for the instance u_NCO_HDL_Optimizedi_2/U0/u_handmadedds/u_NCO_HDL_Optimized/u_Wave_inst/u_CosineWave_inst/LUToutRegister_reg_reg[0]_0 (implemented as a block RAM) might be sub-optimal as no optional output register could be merged into the block ram. Providing additional output register may help in improving timing.
INFO: [Synth 8-4480] The timing for the instance u_NCO_HDL_Optimizedi_2/U0/u_handmadedds/u_NCO_HDL_Optimized/u_Wave_inst/u_CosineWave_inst/LUToutRegister_reg_reg[0]_1 (implemented as a block RAM) might be sub-optimal as no optional output register could be merged into the block ram. Providing additional output register may help in improving timing.
INFO: [Synth 8-4480] The timing for the instance u_NCO_HDL_Optimizedi_2/U0/u_handmadedds/u_NCO_HDL_Optimized/u_Wave_inst/u_CosineWave_inst/LUToutRegister_reg_reg[0]_2 (implemented as a block RAM) might be sub-optimal as no optional output register could be merged into the block ram. Providing additional output register may help in improving timing.
INFO: [Synth 8-4480] The timing for the instance u_NCO_HDL_Optimizedi_2/U0/u_handmadedds/u_NCO_HDL_Optimized/u_Wave_inst/u_CosineWave_inst/LUToutRegister_reg_reg[0]_3 (implemented as a block RAM) might be sub-optimal as no optional output register could be merged into the block ram. Providing additional output register may help in improving timing.
INFO: [Synth 8-4480] The timing for the instance u_NCO_HDL_Optimizedi_2/U0/u_handmadedds/u_NCO_HDL_Optimized/u_Wave_inst/u_CosineWave_inst/LUToutRegister_reg_reg[0]_4 (implemented as a block RAM) might be sub-optimal as no optional output register could be merged into the block ram. Providing additional output register may help in improving timing.
INFO: [Synth 8-4480] The timing for the instance u_NCO_HDL_Optimizedi_2/U0/u_handmadedds/u_NCO_HDL_Optimized/u_Wave_inst/u_CosineWave_inst/LUToutRegister_reg_reg[0]_5 (implemented as a block RAM) might be sub-optimal as no optional output register could be merged into the block ram. Providing additional output register may help in improving timing.
INFO: [Synth 8-4480] The timing for the instance u_NCO_HDL_Optimizedi_2/U0/u_handmadedds/u_NCO_HDL_Optimized/u_Wave_inst/u_CosineWave_inst/LUToutRegister_reg_reg[0]_6 (implemented as a block RAM) might be sub-optimal as no optional output register could be merged into the block ram. Providing additional output register may help in improving timing.
INFO: [Synth 8-4480] The timing for the instance u_NCO_HDL_Optimizedi_2/U0/u_handmadedds/u_NCO_HDL_Optimized/u_Wave_inst/u_CosineWave_inst/LUToutRegister_reg_reg[0]_7 (implemented as a block RAM) might be sub-optimal as no optional output register could be merged into the block ram. Providing additional output register may help in improving timing.

Report RTL Partitions: 
+-+--------------+------------+----------+
| |RTL Partition |Replication |Instances |
+-+--------------+------------+----------+
+-+--------------+------------+----------+
---------------------------------------------------------------------------------
Start Applying XDC Timing Constraints
---------------------------------------------------------------------------------
---------------------------------------------------------------------------------
Finished Applying XDC Timing Constraints : Time (s): cpu = 00:03:59 ; elapsed = 00:04:06 . Memory (MB): peak = 902.781 ; gain = 550.219
---------------------------------------------------------------------------------
---------------------------------------------------------------------------------
Start Timing Optimization
---------------------------------------------------------------------------------
---------------------------------------------------------------------------------
Finished Timing Optimization : Time (s): cpu = 00:03:59 ; elapsed = 00:04:06 . Memory (MB): peak = 902.930 ; gain = 550.367
---------------------------------------------------------------------------------

Report RTL Partitions: 
+-+--------------+------------+----------+
| |RTL Partition |Replication |Instances |
+-+--------------+------------+----------+
+-+--------------+------------+----------+
---------------------------------------------------------------------------------
Start Technology Mapping
---------------------------------------------------------------------------------
INFO: [Synth 8-3886] merging instance 'U0/u_handmadedds/u_NCO_HDL_Optimized/u_Wave_inst/validcnt_reg' (FDCE) to 'u_NCO_HDL_Optimizedi_111'
INFO: [Synth 8-3886] merging instance 'u_NCO_HDL_Optimizedi_19' (FDCE) to 'u_NCO_HDL_Optimizedi_111'
INFO: [Synth 8-223] decloning instance 'U0/u_handmadedds/u_NCO_HDL_Optimized/u_Wave_inst/u_SineWave_inst/LUToutRegister_reg_reg[0]_0' (RAMB36E1) to 'U0/u_handmadedds/u_NCO_HDL_Optimized/u_Wave_inst/u_CosineWave_inst/LUToutRegister_reg_reg[0]_0'
INFO: [Synth 8-223] decloning instance 'U0/u_handmadedds/u_NCO_HDL_Optimized/u_Wave_inst/u_SineWave_inst/LUToutRegister_reg_reg[0]_1' (RAMB36E1_1) to 'U0/u_handmadedds/u_NCO_HDL_Optimized/u_Wave_inst/u_CosineWave_inst/LUToutRegister_reg_reg[0]_1'
INFO: [Synth 8-223] decloning instance 'U0/u_handmadedds/u_NCO_HDL_Optimized/u_Wave_inst/u_SineWave_inst/LUToutRegister_reg_reg[0]_2' (RAMB36E1_2) to 'U0/u_handmadedds/u_NCO_HDL_Optimized/u_Wave_inst/u_CosineWave_inst/LUToutRegister_reg_reg[0]_2'
INFO: [Synth 8-223] decloning instance 'U0/u_handmadedds/u_NCO_HDL_Optimized/u_Wave_inst/u_SineWave_inst/LUToutRegister_reg_reg[0]_3' (RAMB36E1_3) to 'U0/u_handmadedds/u_NCO_HDL_Optimized/u_Wave_inst/u_CosineWave_inst/LUToutRegister_reg_reg[0]_3'
INFO: [Synth 8-223] decloning instance 'U0/u_handmadedds/u_NCO_HDL_Optimized/u_Wave_inst/u_SineWave_inst/LUToutRegister_reg_reg[0]_4' (RAMB36E1_4) to 'U0/u_handmadedds/u_NCO_HDL_Optimized/u_Wave_inst/u_CosineWave_inst/LUToutRegister_reg_reg[0]_4'
INFO: [Synth 8-223] decloning instance 'U0/u_handmadedds/u_NCO_HDL_Optimized/u_Wave_inst/u_SineWave_inst/LUToutRegister_reg_reg[0]_5' (RAMB36E1_5) to 'U0/u_handmadedds/u_NCO_HDL_Optimized/u_Wave_inst/u_CosineWave_inst/LUToutRegister_reg_reg[0]_5'
INFO: [Synth 8-223] decloning instance 'U0/u_handmadedds/u_NCO_HDL_Optimized/u_Wave_inst/u_SineWave_inst/LUToutRegister_reg_reg[0]_6' (RAMB36E1_6) to 'U0/u_handmadedds/u_NCO_HDL_Optimized/u_Wave_inst/u_CosineWave_inst/LUToutRegister_reg_reg[0]_6'
INFO: [Synth 8-223] decloning instance 'U0/u_handmadedds/u_NCO_HDL_Optimized/u_Wave_inst/u_SineWave_inst/LUToutRegister_reg_reg[0]_7' (RAMB36E1_7) to 'U0/u_handmadedds/u_NCO_HDL_Optimized/u_Wave_inst/u_CosineWave_inst/LUToutRegister_reg_reg[0]_7'
INFO: [Synth 8-3886] merging instance 'U0/u_handmadedds/u_NCO_HDL_Optimized/u_Wave_inst/u_CosineWave_inst/LUToutRegister_reg_reg[1][0]' (FDC) to 'U0/u_handmadedds/u_NCO_HDL_Optimized/u_Wave_inst/u_SineWave_inst/LUToutRegister_reg_reg[1][0]'
INFO: [Synth 8-3886] merging instance 'U0/u_handmadedds/u_NCO_HDL_Optimized/u_Wave_inst/u_CosineWave_inst/LUToutRegister_reg_reg[1][1]' (FDC) to 'U0/u_handmadedds/u_NCO_HDL_Optimized/u_Wave_inst/u_SineWave_inst/LUToutRegister_reg_reg[1][1]'
INFO: [Synth 8-3886] merging instance 'U0/u_handmadedds/u_NCO_HDL_Optimized/u_Wave_inst/u_CosineWave_inst/LUToutRegister_reg_reg[1][2]' (FDC) to 'U0/u_handmadedds/u_NCO_HDL_Optimized/u_Wave_inst/u_SineWave_inst/LUToutRegister_reg_reg[1][2]'
INFO: [Synth 8-3886] merging instance 'U0/u_handmadedds/u_NCO_HDL_Optimized/u_Wave_inst/u_CosineWave_inst/LUToutRegister_reg_reg[1][3]' (FDC) to 'U0/u_handmadedds/u_NCO_HDL_Optimized/u_Wave_inst/u_SineWave_inst/LUToutRegister_reg_reg[1][3]'
INFO: [Synth 8-3886] merging instance 'U0/u_handmadedds/u_NCO_HDL_Optimized/u_Wave_inst/u_CosineWave_inst/LUToutRegister_reg_reg[1][4]' (FDC) to 'U0/u_handmadedds/u_NCO_HDL_Optimized/u_Wave_inst/u_SineWave_inst/LUToutRegister_reg_reg[1][4]'
INFO: [Synth 8-3886] merging instance 'U0/u_handmadedds/u_NCO_HDL_Optimized/u_Wave_inst/u_CosineWave_inst/LUToutRegister_reg_reg[1][5]' (FDC) to 'U0/u_handmadedds/u_NCO_HDL_Optimized/u_Wave_inst/u_SineWave_inst/LUToutRegister_reg_reg[1][5]'
INFO: [Synth 8-3886] merging instance 'U0/u_handmadedds/u_NCO_HDL_Optimized/u_Wave_inst/u_CosineWave_inst/LUToutRegister_reg_reg[1][6]' (FDC) to 'U0/u_handmadedds/u_NCO_HDL_Optimized/u_Wave_inst/u_SineWave_inst/LUToutRegister_reg_reg[1][6]'
INFO: [Synth 8-3886] merging instance 'U0/u_handmadedds/u_NCO_HDL_Optimized/u_Wave_inst/u_CosineWave_inst/LUToutRegister_reg_reg[1][7]' (FDC) to 'U0/u_handmadedds/u_NCO_HDL_Optimized/u_Wave_inst/u_SineWave_inst/LUToutRegister_reg_reg[1][7]'
INFO: [Synth 8-3886] merging instance 'U0/u_handmadedds/u_NCO_HDL_Optimized/u_Wave_inst/u_CosineWave_inst/LUToutRegister_reg_reg[1][8]' (FDC) to 'U0/u_handmadedds/u_NCO_HDL_Optimized/u_Wave_inst/u_SineWave_inst/LUToutRegister_reg_reg[1][8]'
INFO: [Synth 8-3886] merging instance 'U0/u_handmadedds/u_NCO_HDL_Optimized/u_Wave_inst/u_CosineWave_inst/LUToutRegister_reg_reg[1][9]' (FDC) to 'U0/u_handmadedds/u_NCO_HDL_Optimized/u_Wave_inst/u_SineWave_inst/LUToutRegister_reg_reg[1][9]'
INFO: [Synth 8-3886] merging instance 'U0/u_handmadedds/u_NCO_HDL_Optimized/u_Wave_inst/u_CosineWave_inst/LUToutRegister_reg_reg[1][10]' (FDC) to 'U0/u_handmadedds/u_NCO_HDL_Optimized/u_Wave_inst/u_SineWave_inst/LUToutRegister_reg_reg[1][10]'
INFO: [Synth 8-3886] merging instance 'U0/u_handmadedds/u_NCO_HDL_Optimized/u_Wave_inst/u_CosineWave_inst/LUToutRegister_reg_reg[1][11]' (FDC) to 'U0/u_handmadedds/u_NCO_HDL_Optimized/u_Wave_inst/u_SineWave_inst/LUToutRegister_reg_reg[1][11]'
INFO: [Synth 8-3886] merging instance 'U0/u_handmadedds/u_NCO_HDL_Optimized/u_Wave_inst/u_CosineWave_inst/LUToutRegister_reg_reg[1][12]' (FDC) to 'U0/u_handmadedds/u_NCO_HDL_Optimized/u_Wave_inst/u_SineWave_inst/LUToutRegister_reg_reg[1][12]'
INFO: [Synth 8-3886] merging instance 'U0/u_handmadedds/u_NCO_HDL_Optimized/u_Wave_inst/u_CosineWave_inst/LUToutRegister_reg_reg[1][13]' (FDC) to 'U0/u_handmadedds/u_NCO_HDL_Optimized/u_Wave_inst/u_SineWave_inst/LUToutRegister_reg_reg[1][13]'
INFO: [Synth 8-3886] merging instance 'U0/u_handmadedds/u_NCO_HDL_Optimized/u_Wave_inst/u_CosineWave_inst/LUToutRegister_reg_reg[1][14]' (FDC) to 'U0/u_handmadedds/u_NCO_HDL_Optimized/u_Wave_inst/u_SineWave_inst/LUToutRegister_reg_reg[1][14]'
INFO: [Synth 8-3886] merging instance 'U0/u_handmadedds/u_NCO_HDL_Optimized/u_Wave_inst/u_CosineWave_inst/LUToutRegister_reg_reg[1][15]' (FDC) to 'U0/u_handmadedds/u_NCO_HDL_Optimized/u_Wave_inst/u_SineWave_inst/LUToutRegister_reg_reg[1][15]'
INFO: [Synth 8-3886] merging instance 'U0/u_handmadedds/u_NCO_HDL_Optimized/u_Wave_inst/u_CosineWave_inst/LUToutRegister_reg_reg[2][0]' (FDC) to 'U0/u_handmadedds/u_NCO_HDL_Optimized/u_Wave_inst/u_SineWave_inst/LUToutRegister_reg_reg[2][0]'
INFO: [Synth 8-3886] merging instance 'U0/u_handmadedds/u_NCO_HDL_Optimized/u_Wave_inst/u_CosineWave_inst/LUToutRegister_reg_reg[2][1]' (FDC) to 'U0/u_handmadedds/u_NCO_HDL_Optimized/u_Wave_inst/u_SineWave_inst/LUToutRegister_reg_reg[2][1]'
INFO: [Synth 8-3886] merging instance 'U0/u_handmadedds/u_NCO_HDL_Optimized/u_Wave_inst/u_CosineWave_inst/LUToutRegister_reg_reg[2][2]' (FDC) to 'U0/u_handmadedds/u_NCO_HDL_Optimized/u_Wave_inst/u_SineWave_inst/LUToutRegister_reg_reg[2][2]'
INFO: [Synth 8-3886] merging instance 'U0/u_handmadedds/u_NCO_HDL_Optimized/u_Wave_inst/u_CosineWave_inst/LUToutRegister_reg_reg[2][3]' (FDC) to 'U0/u_handmadedds/u_NCO_HDL_Optimized/u_Wave_inst/u_SineWave_inst/LUToutRegister_reg_reg[2][3]'
INFO: [Synth 8-3886] merging instance 'U0/u_handmadedds/u_NCO_HDL_Optimized/u_Wave_inst/u_CosineWave_inst/LUToutRegister_reg_reg[2][4]' (FDC) to 'U0/u_handmadedds/u_NCO_HDL_Optimized/u_Wave_inst/u_SineWave_inst/LUToutRegister_reg_reg[2][4]'
INFO: [Synth 8-3886] merging instance 'U0/u_handmadedds/u_NCO_HDL_Optimized/u_Wave_inst/u_CosineWave_inst/LUToutRegister_reg_reg[2][5]' (FDC) to 'U0/u_handmadedds/u_NCO_HDL_Optimized/u_Wave_inst/u_SineWave_inst/LUToutRegister_reg_reg[2][5]'
INFO: [Synth 8-3886] merging instance 'U0/u_handmadedds/u_NCO_HDL_Optimized/u_Wave_inst/u_CosineWave_inst/LUToutRegister_reg_reg[2][6]' (FDC) to 'U0/u_handmadedds/u_NCO_HDL_Optimized/u_Wave_inst/u_SineWave_inst/LUToutRegister_reg_reg[2][6]'
INFO: [Synth 8-3886] merging instance 'U0/u_handmadedds/u_NCO_HDL_Optimized/u_Wave_inst/u_CosineWave_inst/LUToutRegister_reg_reg[2][7]' (FDC) to 'U0/u_handmadedds/u_NCO_HDL_Optimized/u_Wave_inst/u_SineWave_inst/LUToutRegister_reg_reg[2][7]'
INFO: [Synth 8-3886] merging instance 'U0/u_handmadedds/u_NCO_HDL_Optimized/u_Wave_inst/u_CosineWave_inst/LUToutRegister_reg_reg[2][8]' (FDC) to 'U0/u_handmadedds/u_NCO_HDL_Optimized/u_Wave_inst/u_SineWave_inst/LUToutRegister_reg_reg[2][8]'
INFO: [Synth 8-3886] merging instance 'U0/u_handmadedds/u_NCO_HDL_Optimized/u_Wave_inst/u_CosineWave_inst/LUToutRegister_reg_reg[2][9]' (FDC) to 'U0/u_handmadedds/u_NCO_HDL_Optimized/u_Wave_inst/u_SineWave_inst/LUToutRegister_reg_reg[2][9]'
INFO: [Synth 8-3886] merging instance 'U0/u_handmadedds/u_NCO_HDL_Optimized/u_Wave_inst/u_CosineWave_inst/LUToutRegister_reg_reg[2][10]' (FDC) to 'U0/u_handmadedds/u_NCO_HDL_Optimized/u_Wave_inst/u_SineWave_inst/LUToutRegister_reg_reg[2][10]'
INFO: [Synth 8-3886] merging instance 'U0/u_handmadedds/u_NCO_HDL_Optimized/u_Wave_inst/u_CosineWave_inst/LUToutRegister_reg_reg[2][11]' (FDC) to 'U0/u_handmadedds/u_NCO_HDL_Optimized/u_Wave_inst/u_SineWave_inst/LUToutRegister_reg_reg[2][11]'
INFO: [Synth 8-3886] merging instance 'U0/u_handmadedds/u_NCO_HDL_Optimized/u_Wave_inst/u_CosineWave_inst/LUToutRegister_reg_reg[2][12]' (FDC) to 'U0/u_handmadedds/u_NCO_HDL_Optimized/u_Wave_inst/u_SineWave_inst/LUToutRegister_reg_reg[2][12]'
INFO: [Synth 8-3886] merging instance 'U0/u_handmadedds/u_NCO_HDL_Optimized/u_Wave_inst/u_CosineWave_inst/LUToutRegister_reg_reg[2][13]' (FDC) to 'U0/u_handmadedds/u_NCO_HDL_Optimized/u_Wave_inst/u_SineWave_inst/LUToutRegister_reg_reg[2][13]'
INFO: [Synth 8-3886] merging instance 'U0/u_handmadedds/u_NCO_HDL_Optimized/u_Wave_inst/u_CosineWave_inst/LUToutRegister_reg_reg[2][14]' (FDC) to 'U0/u_handmadedds/u_NCO_HDL_Optimized/u_Wave_inst/u_SineWave_inst/LUToutRegister_reg_reg[2][14]'
INFO: [Synth 8-3886] merging instance 'U0/u_handmadedds/u_NCO_HDL_Optimized/u_Wave_inst/u_CosineWave_inst/LUToutRegister_reg_reg[2][15]' (FDC) to 'U0/u_handmadedds/u_NCO_HDL_Optimized/u_Wave_inst/u_SineWave_inst/LUToutRegister_reg_reg[2][15]'
INFO: [Synth 8-4480] The timing for the instance U0/u_handmadedds/u_NCO_HDL_Optimized/u_Wave_inst/u_CosineWave_inst/LUToutRegister_reg_reg[0]_0 (implemented as a block RAM) might be sub-optimal as no optional output register could be merged into the block ram. Providing additional output register may help in improving timing.
INFO: [Synth 8-4480] The timing for the instance U0/u_handmadedds/u_NCO_HDL_Optimized/u_Wave_inst/u_CosineWave_inst/LUToutRegister_reg_reg[0]_1 (implemented as a block RAM) might be sub-optimal as no optional output register could be merged into the block ram. Providing additional output register may help in improving timing.
INFO: [Synth 8-4480] The timing for the instance U0/u_handmadedds/u_NCO_HDL_Optimized/u_Wave_inst/u_CosineWave_inst/LUToutRegister_reg_reg[0]_2 (implemented as a block RAM) might be sub-optimal as no optional output register could be merged into the block ram. Providing additional output register may help in improving timing.
INFO: [Synth 8-4480] The timing for the instance U0/u_handmadedds/u_NCO_HDL_Optimized/u_Wave_inst/u_CosineWave_inst/LUToutRegister_reg_reg[0]_3 (implemented as a block RAM) might be sub-optimal as no optional output register could be merged into the block ram. Providing additional output register may help in improving timing.
INFO: [Synth 8-4480] The timing for the instance U0/u_handmadedds/u_NCO_HDL_Optimized/u_Wave_inst/u_CosineWave_inst/LUToutRegister_reg_reg[0]_4 (implemented as a block RAM) might be sub-optimal as no optional output register could be merged into the block ram. Providing additional output register may help in improving timing.
INFO: [Synth 8-4480] The timing for the instance U0/u_handmadedds/u_NCO_HDL_Optimized/u_Wave_inst/u_CosineWave_inst/LUToutRegister_reg_reg[0]_5 (implemented as a block RAM) might be sub-optimal as no optional output register could be merged into the block ram. Providing additional output register may help in improving timing.
INFO: [Synth 8-4480] The timing for the instance U0/u_handmadedds/u_NCO_HDL_Optimized/u_Wave_inst/u_CosineWave_inst/LUToutRegister_reg_reg[0]_6 (implemented as a block RAM) might be sub-optimal as no optional output register could be merged into the block ram. Providing additional output register may help in improving timing.
INFO: [Synth 8-4480] The timing for the instance U0/u_handmadedds/u_NCO_HDL_Optimized/u_Wave_inst/u_CosineWave_inst/LUToutRegister_reg_reg[0]_7 (implemented as a block RAM) might be sub-optimal as no optional output register could be merged into the block ram. Providing additional output register may help in improving timing.
---------------------------------------------------------------------------------
Finished Technology Mapping : Time (s): cpu = 00:03:59 ; elapsed = 00:04:06 . Memory (MB): peak = 913.160 ; gain = 560.598
---------------------------------------------------------------------------------

Report RTL Partitions: 
+-+--------------+------------+----------+
| |RTL Partition |Replication |Instances |
+-+--------------+------------+----------+
+-+--------------+------------+----------+
---------------------------------------------------------------------------------
Start IO Insertion
---------------------------------------------------------------------------------
---------------------------------------------------------------------------------
Start Flattening Before IO Insertion
---------------------------------------------------------------------------------
---------------------------------------------------------------------------------
Finished Flattening Before IO Insertion
---------------------------------------------------------------------------------
---------------------------------------------------------------------------------
Start Final Netlist Cleanup
---------------------------------------------------------------------------------
---------------------------------------------------------------------------------
Finished Final Netlist Cleanup
---------------------------------------------------------------------------------
---------------------------------------------------------------------------------
Finished IO Insertion : Time (s): cpu = 00:04:00 ; elapsed = 00:04:07 . Memory (MB): peak = 913.160 ; gain = 560.598
---------------------------------------------------------------------------------

Report Check Netlist: 
+------+------------------+-------+---------+-------+------------------+
|      |Item              |Errors |Warnings |Status |Description       |
+------+------------------+-------+---------+-------+------------------+
|1     |multi_driven_nets |      0|        0|Passed |Multi driven nets |
+------+------------------+-------+---------+-------+------------------+
---------------------------------------------------------------------------------
Start Renaming Generated Instances
---------------------------------------------------------------------------------
---------------------------------------------------------------------------------
Finished Renaming Generated Instances : Time (s): cpu = 00:04:00 ; elapsed = 00:04:07 . Memory (MB): peak = 913.160 ; gain = 560.598
---------------------------------------------------------------------------------

Report RTL Partitions: 
+-+--------------+------------+----------+
| |RTL Partition |Replication |Instances |
+-+--------------+------------+----------+
+-+--------------+------------+----------+
---------------------------------------------------------------------------------
Start Rebuilding User Hierarchy
---------------------------------------------------------------------------------
---------------------------------------------------------------------------------
Finished Rebuilding User Hierarchy : Time (s): cpu = 00:04:00 ; elapsed = 00:04:08 . Memory (MB): peak = 913.160 ; gain = 560.598
---------------------------------------------------------------------------------
---------------------------------------------------------------------------------
Start Renaming Generated Ports
---------------------------------------------------------------------------------
---------------------------------------------------------------------------------
Finished Renaming Generated Ports : Time (s): cpu = 00:04:00 ; elapsed = 00:04:08 . Memory (MB): peak = 913.160 ; gain = 560.598
---------------------------------------------------------------------------------
---------------------------------------------------------------------------------
Start Handling Custom Attributes
---------------------------------------------------------------------------------
---------------------------------------------------------------------------------
Finished Handling Custom Attributes : Time (s): cpu = 00:04:00 ; elapsed = 00:04:08 . Memory (MB): peak = 913.160 ; gain = 560.598
---------------------------------------------------------------------------------
---------------------------------------------------------------------------------
Start Renaming Generated Nets
---------------------------------------------------------------------------------
---------------------------------------------------------------------------------
Finished Renaming Generated Nets : Time (s): cpu = 00:04:00 ; elapsed = 00:04:08 . Memory (MB): peak = 913.160 ; gain = 560.598
---------------------------------------------------------------------------------
---------------------------------------------------------------------------------
Start ROM, RAM, DSP and Shift Register Reporting
---------------------------------------------------------------------------------

Static Shift Register Report:
+---------------------------+----------------------------------------------------------------------------------+--------+-------+--------------+--------------------+-------------------+--------+---------+
|Module Name                | RTL Name                                                                         | Length | Width | Reset Signal | Pull out first Reg | Pull out last Reg | SRL16E | SRLC32E | 
+---------------------------+----------------------------------------------------------------------------------+--------+-------+--------------+--------------------+-------------------+--------+---------+
|dac_design_handmadedds_0_0 | U0/u_handmadedds/u_NCO_HDL_Optimized/u_Wave_inst/SelsignCosRegister_reg_reg[3]   | 4      | 1     | YES          | NO                 | YES               | 1      | 0       | 
|dac_design_handmadedds_0_0 | U0/u_handmadedds/u_NCO_HDL_Optimized/u_Wave_inst/AddrOverFcosRegister_reg_reg[3] | 4      | 1     | YES          | NO                 | YES               | 1      | 0       | 
|dac_design_handmadedds_0_0 | U0/u_handmadedds/u_NCO_HDL_Optimized/u_Wave_inst/SelsignRegister_reg_reg[3]      | 4      | 1     | YES          | NO                 | YES               | 1      | 0       | 
|dac_design_handmadedds_0_0 | U0/u_handmadedds/u_NCO_HDL_Optimized/u_Wave_inst/AddrOverFsinRegister_reg_reg[3] | 4      | 1     | YES          | NO                 | YES               | 1      | 0       | 
|dac_design_handmadedds_0_0 | U0/u_handmadedds/u_NCO_HDL_Optimized/outsel_reg_reg_reg[4]                       | 5      | 1     | YES          | NO                 | YES               | 1      | 0       | 
+---------------------------+----------------------------------------------------------------------------------+--------+-------+--------------+--------------------+-------------------+--------+---------+

---------------------------------------------------------------------------------
Finished ROM, RAM, DSP and Shift Register Reporting
---------------------------------------------------------------------------------
---------------------------------------------------------------------------------
Start Writing Synthesis Report
---------------------------------------------------------------------------------

Report BlackBoxes: 
+-+--------------+----------+
| |BlackBox name |Instances |
+-+--------------+----------+
+-+--------------+----------+

Report Cell Usage: 
+------+-----------+------+
|      |Cell       |Count |
+------+-----------+------+
|1     |CARRY4     |     9|
|2     |LUT1       |     2|
|3     |LUT2       |    55|
|4     |LUT3       |     3|
|5     |LUT5       |    30|
|6     |ODDR       |    16|
|7     |RAMB36E1   |     1|
|8     |RAMB36E1_1 |     1|
|9     |RAMB36E1_2 |     1|
|10    |RAMB36E1_3 |     1|
|11    |RAMB36E1_4 |     1|
|12    |RAMB36E1_5 |     1|
|13    |RAMB36E1_6 |     1|
|14    |RAMB36E1_7 |     1|
|15    |SRL16E     |     5|
|16    |FDCE       |    81|
|17    |FDRE       |     5|
|18    |OBUFDS     |    16|
+------+-----------+------+

Report Instance Areas: 
+------+----------------------------+------------------+------+
|      |Instance                    |Module            |Cells |
+------+----------------------------+------------------+------+
|1     |top                         |                  |   230|
|2     |  U0                        |handmadedds       |   229|
|3     |    u_handmadedds           |handmadedds_block |   197|
|4     |      u_NCO_HDL_Optimized   |NCO_HDL_Optimized |   197|
|5     |        u_Wave_inst         |WaveformGen       |   116|
|6     |          u_CosineWave_inst |LookUpTableGen    |    24|
|7     |          u_SineWave_inst   |LookUpTableGen_0  |    41|
+------+----------------------------+------------------+------+
---------------------------------------------------------------------------------
Finished Writing Synthesis Report : Time (s): cpu = 00:04:00 ; elapsed = 00:04:08 . Memory (MB): peak = 913.160 ; gain = 560.598
---------------------------------------------------------------------------------
Synthesis finished with 0 errors, 0 critical warnings and 4 warnings.
Synthesis Optimization Runtime : Time (s): cpu = 00:03:42 ; elapsed = 00:03:58 . Memory (MB): peak = 913.160 ; gain = 232.141
Synthesis Optimization Complete : Time (s): cpu = 00:04:00 ; elapsed = 00:04:08 . Memory (MB): peak = 913.160 ; gain = 560.598
INFO: [Project 1-571] Translating synthesized netlist
INFO: [Netlist 29-17] Analyzing 49 Unisim elements for replacement
INFO: [Netlist 29-28] Unisim Transformation completed in 0 CPU seconds
INFO: [Project 1-570] Preparing netlist for logic optimization
INFO: [Opt 31-138] Pushed 0 inverter(s) to 0 load pin(s).
INFO: [Project 1-111] Unisim Transformation Summary:
  A total of 16 instances were transformed.
  OBUFDS => OBUFDS_DUAL_BUF (INV, OBUFDS, OBUFDS): 16 instances

INFO: [Common 17-83] Releasing license: Synthesis
203 Infos, 4 Warnings, 0 Critical Warnings and 0 Errors encountered.
synth_design completed successfully
synth_design: Time (s): cpu = 00:04:03 ; elapsed = 00:04:10 . Memory (MB): peak = 913.160 ; gain = 572.066
INFO: [Common 17-1381] The checkpoint 'C:/Users/Kharitonov_AY/WORKSPACE/dac/ad9142/ad9142/ad9142.runs/dac_design_handmadedds_0_0_synth_1/dac_design_handmadedds_0_0.dcp' has been generated.
